Juni-29 16:01:04.460 [main] DEBUG nextflow.cli.Launcher - $> nextflow run nextflow.nf -with-dag dag.html -with-report report.html -with-timeline timeline.html -with-trace trace.txt
Juni-29 16:01:04.611 [main] DEBUG nextflow.cli.CmdRun - N E X T F L O W  ~  version 25.04.2
Juni-29 16:01:04.627 [main] DEBUG nextflow.plugin.PluginsFacade - Setting up plugin manager > mode=prod; embedded=false; plugins-dir=/Users/ewa/.nextflow/plugins; core-plugins: nf-amazon@2.15.0,nf-azure@1.16.0,nf-cloudcache@0.4.3,nf-codecommit@0.2.3,nf-console@1.2.1,nf-google@1.21.0,nf-k8s@1.0.0,nf-tower@1.11.2,nf-wave@1.12.1
Juni-29 16:01:04.649 [main] INFO  o.pf4j.DefaultPluginStatusProvider - Enabled plugins: []
Juni-29 16:01:04.650 [main] INFO  o.pf4j.DefaultPluginStatusProvider - Disabled plugins: []
Juni-29 16:01:04.651 [main] INFO  org.pf4j.DefaultPluginManager - PF4J version 3.12.0 in 'deployment' mode
Juni-29 16:01:04.662 [main] INFO  org.pf4j.AbstractPluginManager - No plugins
Juni-29 16:01:04.671 [main] DEBUG nextflow.config.ConfigBuilder - Found config local: /Users/ewa/Desktop/Ewa/STUDIA/2025_Bioinformatyka/pd5227_pipline_automatyzacja/projekt/nextflow.config
Juni-29 16:01:04.672 [main] DEBUG nextflow.config.ConfigBuilder - Parsing config file: /Users/ewa/Desktop/Ewa/STUDIA/2025_Bioinformatyka/pd5227_pipline_automatyzacja/projekt/nextflow.config
Juni-29 16:01:04.689 [main] DEBUG n.secret.LocalSecretsProvider - Secrets store: /Users/ewa/.nextflow/secrets/store.json
Juni-29 16:01:04.691 [main] DEBUG nextflow.secret.SecretsLoader - Discovered secrets providers: [nextflow.secret.LocalSecretsProvider@44c5a16f] - activable => nextflow.secret.LocalSecretsProvider@44c5a16f
Juni-29 16:01:04.693 [main] DEBUG nextflow.config.ConfigBuilder - Applying config profile: `standard`
Juni-29 16:01:04.897 [main] DEBUG nextflow.cli.CmdRun - Applied DSL=2 by global default
Juni-29 16:01:04.907 [main] DEBUG nextflow.cli.CmdRun - Launching `nextflow.nf` [maniac_ardinghelli] DSL2 - revision: d5509f7ec1
Juni-29 16:01:04.907 [main] DEBUG nextflow.plugin.PluginsFacade - Plugins default=[]
Juni-29 16:01:04.907 [main] DEBUG nextflow.plugin.PluginsFacade - Plugins resolved requirement=[]
Juni-29 16:01:04.937 [main] DEBUG nextflow.Session - Session UUID: 5d201622-85a5-4380-982a-04f910f96135
Juni-29 16:01:04.937 [main] DEBUG nextflow.Session - Run name: maniac_ardinghelli
Juni-29 16:01:04.937 [main] DEBUG nextflow.Session - Executor pool size: 8
Juni-29 16:01:04.942 [main] DEBUG nextflow.file.FilePorter - File porter settings maxRetries=3; maxTransfers=50; pollTimeout=null
Juni-29 16:01:04.944 [main] DEBUG nextflow.util.ThreadPoolBuilder - Creating thread pool 'FileTransfer' minSize=10; maxSize=24; workQueue=LinkedBlockingQueue[-1]; allowCoreThreadTimeout=false
Juni-29 16:01:05.001 [main] DEBUG nextflow.cli.CmdRun - 
  Version: 25.04.2 build 5947
  Created: 13-05-2025 21:58 UTC (23:58 MESZ)
  System: Mac OS X 14.4.1
  Runtime: Groovy 4.0.26 on OpenJDK 64-Bit Server VM 23.0.2+7
  Encoding: UTF-8 (UTF-8)
  Process: 33124@Air-von-Ewa [192.168.0.73]
  CPUs: 8 - Mem: 16 GB (43.6 MB) - Swap: 7 GB (823.2 MB)
Juni-29 16:01:05.008 [main] DEBUG nextflow.Session - Work-dir: /Users/ewa/Desktop/Ewa/STUDIA/2025_Bioinformatyka/pd5227_pipline_automatyzacja/projekt/work [Mac OS X]
Juni-29 16:01:05.009 [main] DEBUG nextflow.Session - Script base path does not exist or is not a directory: /Users/ewa/Desktop/Ewa/STUDIA/2025_Bioinformatyka/pd5227_pipline_automatyzacja/projekt/bin
Juni-29 16:01:05.015 [main] DEBUG nextflow.executor.ExecutorFactory - Extension executors providers=[]
Juni-29 16:01:05.021 [main] DEBUG nextflow.Session - Observer factory: DefaultObserverFactory
Juni-29 16:01:05.033 [main] DEBUG nextflow.Session - Observer factory (v2): LinObserverFactory
Juni-29 16:01:05.044 [main] DEBUG nextflow.cache.CacheFactory - Using Nextflow cache factory: nextflow.cache.DefaultCacheFactory
Juni-29 16:01:05.049 [main] DEBUG nextflow.util.CustomThreadPool - Creating default thread pool > poolSize: 9; maxThreads: 1000
Juni-29 16:01:05.084 [main] DEBUG nextflow.Session - Session start
Juni-29 16:01:05.086 [main] DEBUG nextflow.trace.TraceFileObserver - Workflow started -- trace file: /Users/ewa/Desktop/Ewa/STUDIA/2025_Bioinformatyka/pd5227_pipline_automatyzacja/projekt/trace.txt
Juni-29 16:01:05.477 [main] DEBUG nextflow.script.ScriptRunner - > Launching execution
Juni-29 16:01:05.562 [main] DEBUG nextflow.executor.ExecutorFactory - << taskConfig executor: null
Juni-29 16:01:05.562 [main] DEBUG nextflow.executor.ExecutorFactory - >> processorType: 'local'
Juni-29 16:01:05.564 [main] DEBUG nextflow.executor.Executor - [warm up] executor > local
Juni-29 16:01:05.568 [main] DEBUG n.processor.LocalPollingMonitor - Creating local task monitor for executor 'local' > cpus=8; memory=16 GB; capacity=8; pollInterval=100ms; dumpInterval=5m
Juni-29 16:01:05.570 [main] DEBUG n.processor.TaskPollingMonitor - >>> barrier register (monitor: local)
Juni-29 16:01:05.580 [main] DEBUG nextflow.processor.TaskProcessor - Creating process 'INDEX_GENOME': maxForks=0; fair=false; array=0
Juni-29 16:01:05.581 [main] WARN  nextflow.processor.TaskProcessor - Output `tuple` must define at least two elements -- Check process `INDEX_GENOME`
Juni-29 16:01:05.609 [main] DEBUG nextflow.executor.ExecutorFactory - << taskConfig executor: null
Juni-29 16:01:05.609 [main] DEBUG nextflow.executor.ExecutorFactory - >> processorType: 'local'
Juni-29 16:01:05.610 [main] DEBUG nextflow.processor.TaskProcessor - Creating process 'TRIMMOMATIC': maxForks=0; fair=false; array=0
Juni-29 16:01:05.613 [main] DEBUG nextflow.executor.ExecutorFactory - << taskConfig executor: null
Juni-29 16:01:05.613 [main] DEBUG nextflow.executor.ExecutorFactory - >> processorType: 'local'
Juni-29 16:01:05.613 [main] DEBUG nextflow.processor.TaskProcessor - Creating process 'FASTQC': maxForks=0; fair=false; array=0
Juni-29 16:01:05.622 [main] DEBUG nextflow.executor.ExecutorFactory - << taskConfig executor: null
Juni-29 16:01:05.623 [main] DEBUG nextflow.executor.ExecutorFactory - >> processorType: 'local'
Juni-29 16:01:05.623 [main] DEBUG nextflow.processor.TaskProcessor - Creating process 'MULTIQC': maxForks=0; fair=false; array=0
Juni-29 16:01:05.626 [main] DEBUG nextflow.executor.ExecutorFactory - << taskConfig executor: null
Juni-29 16:01:05.626 [main] DEBUG nextflow.executor.ExecutorFactory - >> processorType: 'local'
Juni-29 16:01:05.626 [main] DEBUG nextflow.processor.TaskProcessor - Creating process 'MAPPING': maxForks=0; fair=false; array=0
Juni-29 16:01:05.629 [main] DEBUG nextflow.executor.ExecutorFactory - << taskConfig executor: null
Juni-29 16:01:05.629 [main] DEBUG nextflow.executor.ExecutorFactory - >> processorType: 'local'
Juni-29 16:01:05.630 [main] DEBUG nextflow.processor.TaskProcessor - Creating process 'SAMTOOLS_SORT': maxForks=0; fair=false; array=0
Juni-29 16:01:05.631 [main] DEBUG nextflow.executor.ExecutorFactory - << taskConfig executor: null
Juni-29 16:01:05.631 [main] DEBUG nextflow.executor.ExecutorFactory - >> processorType: 'local'
Juni-29 16:01:05.632 [main] DEBUG nextflow.processor.TaskProcessor - Creating process 'SAMTOOLS_INDEX': maxForks=0; fair=false; array=0
Juni-29 16:01:05.636 [main] DEBUG nextflow.executor.ExecutorFactory - << taskConfig executor: null
Juni-29 16:01:05.636 [main] DEBUG nextflow.executor.ExecutorFactory - >> processorType: 'local'
Juni-29 16:01:05.636 [main] DEBUG nextflow.processor.TaskProcessor - Creating process 'CALCULATE_COVERAGE': maxForks=0; fair=false; array=0
Juni-29 16:01:05.638 [main] DEBUG nextflow.executor.ExecutorFactory - << taskConfig executor: null
Juni-29 16:01:05.638 [main] DEBUG nextflow.executor.ExecutorFactory - >> processorType: 'local'
Juni-29 16:01:05.638 [main] DEBUG nextflow.processor.TaskProcessor - Creating process 'INDEX_FASTA': maxForks=0; fair=false; array=0
Juni-29 16:01:05.640 [main] DEBUG nextflow.executor.ExecutorFactory - << taskConfig executor: null
Juni-29 16:01:05.640 [main] DEBUG nextflow.executor.ExecutorFactory - >> processorType: 'local'
Juni-29 16:01:05.640 [main] DEBUG nextflow.processor.TaskProcessor - Creating process 'VARIANTS_IDENTIFICATION': maxForks=0; fair=false; array=0
Juni-29 16:01:05.641 [main] WARN  nextflow.processor.TaskProcessor - Input `tuple` must define at least two elements -- Check process `VARIANTS_IDENTIFICATION`
Juni-29 16:01:05.645 [main] DEBUG nextflow.executor.ExecutorFactory - << taskConfig executor: null
Juni-29 16:01:05.645 [main] DEBUG nextflow.executor.ExecutorFactory - >> processorType: 'local'
Juni-29 16:01:05.645 [main] DEBUG nextflow.processor.TaskProcessor - Creating process 'MERGE_VCF': maxForks=0; fair=false; array=0
Juni-29 16:01:05.646 [main] DEBUG nextflow.Session - Workflow process names [dsl2]: FASTQC, SAMTOOLS_SORT, VARIANTS_IDENTIFICATION, MERGE_VCF, INDEX_FASTA, MULTIQC, MAPPING, CALCULATE_COVERAGE, SAMTOOLS_INDEX, INDEX_GENOME, TRIMMOMATIC
Juni-29 16:01:05.648 [main] DEBUG nextflow.Session - Igniting dataflow network (13)
Juni-29 16:01:05.650 [ForkJoinPool.commonPool-worker-1] WARN  nextflow.datasource.SraExplorer - Define the NCBI_API_KEY env variable to use NCBI search service -- Read more https://ncbiinsights.ncbi.nlm.nih.gov/2017/11/02/new-api-keys-for-the-e-utilities/
Juni-29 16:01:05.650 [main] DEBUG nextflow.processor.TaskProcessor - Starting process > INDEX_GENOME
Juni-29 16:01:05.650 [main] DEBUG nextflow.processor.TaskProcessor - Starting process > TRIMMOMATIC
Juni-29 16:01:05.650 [main] DEBUG nextflow.processor.TaskProcessor - Starting process > FASTQC
Juni-29 16:01:05.650 [main] DEBUG nextflow.processor.TaskProcessor - Starting process > MULTIQC
Juni-29 16:01:05.650 [main] DEBUG nextflow.processor.TaskProcessor - Starting process > MAPPING
Juni-29 16:01:05.650 [main] DEBUG nextflow.processor.TaskProcessor - Starting process > SAMTOOLS_SORT
Juni-29 16:01:05.650 [main] DEBUG nextflow.processor.TaskProcessor - Starting process > SAMTOOLS_INDEX
Juni-29 16:01:05.651 [main] DEBUG nextflow.processor.TaskProcessor - Starting process > CALCULATE_COVERAGE
Juni-29 16:01:05.651 [main] DEBUG nextflow.processor.TaskProcessor - Starting process > INDEX_FASTA
Juni-29 16:01:05.651 [main] DEBUG nextflow.processor.TaskProcessor - Starting process > VARIANTS_IDENTIFICATION
Juni-29 16:01:05.651 [main] DEBUG nextflow.processor.TaskProcessor - Starting process > MERGE_VCF
Juni-29 16:01:05.651 [ForkJoinPool.commonPool-worker-1] DEBUG nextflow.datasource.SraExplorer - SRA search url=https://eutils.ncbi.nlm.nih.gov/entrez/eutils/esearch.fcgi?db=sra&usehistory=y&retmode=json&term=SRR23609083
Juni-29 16:01:05.652 [main] DEBUG nextflow.script.ScriptRunner - Parsed script files:
  Script_f070c376ce50ac21: /Users/ewa/Desktop/Ewa/STUDIA/2025_Bioinformatyka/pd5227_pipline_automatyzacja/projekt/nextflow.nf
Juni-29 16:01:05.652 [main] DEBUG nextflow.script.ScriptRunner - > Awaiting termination 
Juni-29 16:01:05.652 [main] DEBUG nextflow.Session - Session await
Juni-29 16:01:05.756 [Task submitter] DEBUG n.executor.local.LocalTaskHandler - Launch cmd line: /bin/bash -ue .command.run
Juni-29 16:01:05.758 [Task submitter] INFO  nextflow.Session - [04/530610] Submitted process > INDEX_FASTA
Juni-29 16:01:05.774 [Task submitter] DEBUG n.executor.local.LocalTaskHandler - Launch cmd line: /bin/bash -ue .command.run
Juni-29 16:01:05.775 [Task submitter] INFO  nextflow.Session - [4a/f96989] Submitted process > INDEX_GENOME
Juni-29 16:01:06.588 [ForkJoinPool.commonPool-worker-1] DEBUG nextflow.datasource.SraExplorer - SRA data request url=https://eutils.ncbi.nlm.nih.gov/entrez/eutils/esummary.fcgi?db=sra&retmode=json&query_key=1&WebEnv=MCID_6a427aa26c69701efc0d3adc&retstart=0&retmax=500
Juni-29 16:01:06.840 [ForkJoinPool.commonPool-worker-1] DEBUG nextflow.datasource.SraExplorer - SRA search url=https://eutils.ncbi.nlm.nih.gov/entrez/eutils/esearch.fcgi?db=sra&usehistory=y&retmode=json&term=SRR23609077
Juni-29 16:01:06.853 [FileTransfer-1] DEBUG nextflow.file.FilePorter - Copying foreign file ftp://ftp.sra.ebi.ac.uk/vol1/fastq/SRR236/083/SRR23609083/SRR23609083_1.fastq.gz to work dir: /Users/ewa/Desktop/Ewa/STUDIA/2025_Bioinformatyka/pd5227_pipline_automatyzacja/projekt/work/stage-5d201622-85a5-4380-982a-04f910f96135/7b/5f07229c9dda3fb70f10e9344a6bb6/SRR23609083_1.fastq.gz
Juni-29 16:01:06.853 [FileTransfer-2] DEBUG nextflow.file.FilePorter - Copying foreign file ftp://ftp.sra.ebi.ac.uk/vol1/fastq/SRR236/083/SRR23609083/SRR23609083_2.fastq.gz to work dir: /Users/ewa/Desktop/Ewa/STUDIA/2025_Bioinformatyka/pd5227_pipline_automatyzacja/projekt/work/stage-5d201622-85a5-4380-982a-04f910f96135/80/7281cd3e4b7e830d76b158d77758de/SRR23609083_2.fastq.gz
Juni-29 16:01:06.995 [Task monitor] DEBUG n.processor.TaskPollingMonitor - Task completed > TaskHandler[id: 2; name: INDEX_FASTA; status: COMPLETED; exit: 0; error: -; workDir: /Users/ewa/Desktop/Ewa/STUDIA/2025_Bioinformatyka/pd5227_pipline_automatyzacja/projekt/work/04/53061071d16d9ecd1c4a8046381668]
Juni-29 16:01:06.996 [Task monitor] DEBUG nextflow.util.ThreadPoolBuilder - Creating thread pool 'TaskFinalizer' minSize=10; maxSize=24; workQueue=LinkedBlockingQueue[-1]; allowCoreThreadTimeout=false
Juni-29 16:01:07.012 [TaskFinalizer-1] DEBUG nextflow.util.ThreadPoolBuilder - Creating thread pool 'PublishDir' minSize=10; maxSize=24; workQueue=LinkedBlockingQueue[-1]; allowCoreThreadTimeout=false
Juni-29 16:01:07.096 [ForkJoinPool.commonPool-worker-1] DEBUG nextflow.datasource.SraExplorer - SRA data request url=https://eutils.ncbi.nlm.nih.gov/entrez/eutils/esummary.fcgi?db=sra&retmode=json&query_key=1&WebEnv=MCID_6a427aa36f888b7017089a9b&retstart=0&retmax=500
Juni-29 16:01:07.116 [Task monitor] DEBUG n.processor.TaskPollingMonitor - Task completed > TaskHandler[id: 1; name: INDEX_GENOME; status: COMPLETED; exit: 0; error: -; workDir: /Users/ewa/Desktop/Ewa/STUDIA/2025_Bioinformatyka/pd5227_pipline_automatyzacja/projekt/work/4a/f9698975bdeeebee3871de701394f9]
Juni-29 16:01:07.420 [ForkJoinPool.commonPool-worker-1] DEBUG nextflow.datasource.SraExplorer - SRA search url=https://eutils.ncbi.nlm.nih.gov/entrez/eutils/esearch.fcgi?db=sra&usehistory=y&retmode=json&term=SRR23609079
Juni-29 16:01:07.423 [FileTransfer-3] DEBUG nextflow.file.FilePorter - Copying foreign file ftp://ftp.sra.ebi.ac.uk/vol1/fastq/SRR236/077/SRR23609077/SRR23609077_1.fastq.gz to work dir: /Users/ewa/Desktop/Ewa/STUDIA/2025_Bioinformatyka/pd5227_pipline_automatyzacja/projekt/work/stage-5d201622-85a5-4380-982a-04f910f96135/50/11842d5381cd6a9d8cb6e14325247a/SRR23609077_1.fastq.gz
Juni-29 16:01:07.423 [FileTransfer-4] DEBUG nextflow.file.FilePorter - Copying foreign file ftp://ftp.sra.ebi.ac.uk/vol1/fastq/SRR236/077/SRR23609077/SRR23609077_2.fastq.gz to work dir: /Users/ewa/Desktop/Ewa/STUDIA/2025_Bioinformatyka/pd5227_pipline_automatyzacja/projekt/work/stage-5d201622-85a5-4380-982a-04f910f96135/b5/0296e3c3edc4b37487752de6923605/SRR23609077_2.fastq.gz
Juni-29 16:01:08.171 [ForkJoinPool.commonPool-worker-1] DEBUG nextflow.datasource.SraExplorer - Retryable response error - attempt: 1; reason: Server returned HTTP response code: 429 for URL: https://eutils.ncbi.nlm.nih.gov/entrez/eutils/esearch.fcgi?db=sra&usehistory=y&retmode=json&term=SRR23609079
Juni-29 16:01:08.397 [ForkJoinPool.commonPool-worker-1] DEBUG nextflow.datasource.SraExplorer - SRA data request url=https://eutils.ncbi.nlm.nih.gov/entrez/eutils/esummary.fcgi?db=sra&retmode=json&query_key=1&WebEnv=MCID_6a427aa4c97cd41ae105b963&retstart=0&retmax=500
Juni-29 16:01:08.546 [ForkJoinPool.commonPool-worker-1] DEBUG nextflow.datasource.SraExplorer - SRA search url=https://eutils.ncbi.nlm.nih.gov/entrez/eutils/esearch.fcgi?db=sra&usehistory=y&retmode=json&term=SRR23609081
Juni-29 16:01:08.554 [FileTransfer-5] DEBUG nextflow.file.FilePorter - Copying foreign file ftp://ftp.sra.ebi.ac.uk/vol1/fastq/SRR236/079/SRR23609079/SRR23609079_1.fastq.gz to work dir: /Users/ewa/Desktop/Ewa/STUDIA/2025_Bioinformatyka/pd5227_pipline_automatyzacja/projekt/work/stage-5d201622-85a5-4380-982a-04f910f96135/13/92353bfcbb33971dca3cf2e69f89bf/SRR23609079_1.fastq.gz
Juni-29 16:01:08.554 [FileTransfer-6] DEBUG nextflow.file.FilePorter - Copying foreign file ftp://ftp.sra.ebi.ac.uk/vol1/fastq/SRR236/079/SRR23609079/SRR23609079_2.fastq.gz to work dir: /Users/ewa/Desktop/Ewa/STUDIA/2025_Bioinformatyka/pd5227_pipline_automatyzacja/projekt/work/stage-5d201622-85a5-4380-982a-04f910f96135/bd/a999e74cc053aa47fdabf2c8b592e5/SRR23609079_2.fastq.gz
Juni-29 16:01:08.710 [ForkJoinPool.commonPool-worker-1] DEBUG nextflow.datasource.SraExplorer - SRA data request url=https://eutils.ncbi.nlm.nih.gov/entrez/eutils/esummary.fcgi?db=sra&retmode=json&query_key=1&WebEnv=MCID_6a427aa47a51b4cf2f02325e&retstart=0&retmax=500
Juni-29 16:01:08.859 [Actor Thread 1] INFO  nextflow.file.FilePorter - Staging foreign file: ftp://ftp.sra.ebi.ac.uk/vol1/fastq/SRR236/083/SRR23609083/SRR23609083_1.fastq.gz
Juni-29 16:01:09.313 [ForkJoinPool.commonPool-worker-1] DEBUG nextflow.datasource.SraExplorer - Retryable response error - attempt: 1; reason: Server returned HTTP response code: 429 for URL: https://eutils.ncbi.nlm.nih.gov/entrez/eutils/esummary.fcgi?db=sra&retmode=json&query_key=1&WebEnv=MCID_6a427aa47a51b4cf2f02325e&retstart=0&retmax=500
Juni-29 16:01:09.322 [Task submitter] DEBUG n.executor.local.LocalTaskHandler - Launch cmd line: /bin/bash -ue .command.run
Juni-29 16:01:09.323 [Task submitter] INFO  nextflow.Session - [bb/a0e6dd] Submitted process > TRIMMOMATIC (1)
Juni-29 16:01:09.383 [Task submitter] DEBUG n.executor.local.LocalTaskHandler - Launch cmd line: /bin/bash -ue .command.run
Juni-29 16:01:09.384 [Task submitter] INFO  nextflow.Session - [11/c58f62] Submitted process > TRIMMOMATIC (2)
Juni-29 16:01:09.702 [ForkJoinPool.commonPool-worker-1] DEBUG nextflow.datasource.SraExplorer - SRA search url=https://eutils.ncbi.nlm.nih.gov/entrez/eutils/esearch.fcgi?db=sra&usehistory=y&retmode=json&term=SRR23609082
Juni-29 16:01:09.723 [FileTransfer-8] DEBUG nextflow.file.FilePorter - Copying foreign file ftp://ftp.sra.ebi.ac.uk/vol1/fastq/SRR236/081/SRR23609081/SRR23609081_2.fastq.gz to work dir: /Users/ewa/Desktop/Ewa/STUDIA/2025_Bioinformatyka/pd5227_pipline_automatyzacja/projekt/work/stage-5d201622-85a5-4380-982a-04f910f96135/81/254872b1b8700f38c57843a3bd5732/SRR23609081_2.fastq.gz
Juni-29 16:01:09.723 [FileTransfer-7] DEBUG nextflow.file.FilePorter - Copying foreign file ftp://ftp.sra.ebi.ac.uk/vol1/fastq/SRR236/081/SRR23609081/SRR23609081_1.fastq.gz to work dir: /Users/ewa/Desktop/Ewa/STUDIA/2025_Bioinformatyka/pd5227_pipline_automatyzacja/projekt/work/stage-5d201622-85a5-4380-982a-04f910f96135/1c/a4c5de833f528967cf0884f2016620/SRR23609081_1.fastq.gz
Juni-29 16:01:09.850 [ForkJoinPool.commonPool-worker-1] DEBUG nextflow.datasource.SraExplorer - SRA data request url=https://eutils.ncbi.nlm.nih.gov/entrez/eutils/esummary.fcgi?db=sra&retmode=json&query_key=1&WebEnv=MCID_6a427aa5fb9e4e4372037cc4&retstart=0&retmax=500
Juni-29 16:01:09.881 [Task submitter] DEBUG n.executor.local.LocalTaskHandler - Launch cmd line: /bin/bash -ue .command.run
Juni-29 16:01:09.882 [Task submitter] INFO  nextflow.Session - [36/64ced2] Submitted process > TRIMMOMATIC (3)
Juni-29 16:01:09.991 [ForkJoinPool.commonPool-worker-1] DEBUG nextflow.datasource.SraExplorer - SRA search url=https://eutils.ncbi.nlm.nih.gov/entrez/eutils/esearch.fcgi?db=sra&usehistory=y&retmode=json&term=SRR23609078
Juni-29 16:01:09.997 [FileTransfer-9] DEBUG nextflow.file.FilePorter - Copying foreign file ftp://ftp.sra.ebi.ac.uk/vol1/fastq/SRR236/082/SRR23609082/SRR23609082_1.fastq.gz to work dir: /Users/ewa/Desktop/Ewa/STUDIA/2025_Bioinformatyka/pd5227_pipline_automatyzacja/projekt/work/stage-5d201622-85a5-4380-982a-04f910f96135/ee/2aee38d001d10b5c2da810d4d21dd0/SRR23609082_1.fastq.gz
Juni-29 16:01:09.997 [FileTransfer-10] DEBUG nextflow.file.FilePorter - Copying foreign file ftp://ftp.sra.ebi.ac.uk/vol1/fastq/SRR236/082/SRR23609082/SRR23609082_2.fastq.gz to work dir: /Users/ewa/Desktop/Ewa/STUDIA/2025_Bioinformatyka/pd5227_pipline_automatyzacja/projekt/work/stage-5d201622-85a5-4380-982a-04f910f96135/71/41de031ac18536fe6c40faf55d0795/SRR23609082_2.fastq.gz
Juni-29 16:01:10.711 [ForkJoinPool.commonPool-worker-1] DEBUG nextflow.datasource.SraExplorer - Retryable response error - attempt: 1; reason: Server returned HTTP response code: 429 for URL: https://eutils.ncbi.nlm.nih.gov/entrez/eutils/esearch.fcgi?db=sra&usehistory=y&retmode=json&term=SRR23609078
Juni-29 16:01:10.946 [ForkJoinPool.commonPool-worker-1] DEBUG nextflow.datasource.SraExplorer - SRA data request url=https://eutils.ncbi.nlm.nih.gov/entrez/eutils/esummary.fcgi?db=sra&retmode=json&query_key=1&WebEnv=MCID_6a427aa6ff2103462a01bf5a&retstart=0&retmax=500
Juni-29 16:01:11.190 [ForkJoinPool.commonPool-worker-1] DEBUG nextflow.datasource.SraExplorer - SRA search url=https://eutils.ncbi.nlm.nih.gov/entrez/eutils/esearch.fcgi?db=sra&usehistory=y&retmode=json&term=SRR23609080
Juni-29 16:01:11.197 [FileTransfer-2] DEBUG nextflow.file.FilePorter - Copying foreign file ftp://ftp.sra.ebi.ac.uk/vol1/fastq/SRR236/078/SRR23609078/SRR23609078_1.fastq.gz to work dir: /Users/ewa/Desktop/Ewa/STUDIA/2025_Bioinformatyka/pd5227_pipline_automatyzacja/projekt/work/stage-5d201622-85a5-4380-982a-04f910f96135/eb/b483d8d3a18c836e57a3dc0393e67b/SRR23609078_1.fastq.gz
Juni-29 16:01:11.199 [FileTransfer-3] DEBUG nextflow.file.FilePorter - Copying foreign file ftp://ftp.sra.ebi.ac.uk/vol1/fastq/SRR236/078/SRR23609078/SRR23609078_2.fastq.gz to work dir: /Users/ewa/Desktop/Ewa/STUDIA/2025_Bioinformatyka/pd5227_pipline_automatyzacja/projekt/work/stage-5d201622-85a5-4380-982a-04f910f96135/4c/513c0ce527189751ceff0986611752/SRR23609078_2.fastq.gz
Juni-29 16:01:11.340 [ForkJoinPool.commonPool-worker-1] DEBUG nextflow.datasource.SraExplorer - SRA data request url=https://eutils.ncbi.nlm.nih.gov/entrez/eutils/esummary.fcgi?db=sra&retmode=json&query_key=1&WebEnv=MCID_6a427aa794da7e459a0d6c64&retstart=0&retmax=500
Juni-29 16:01:11.726 [Actor Thread 9] INFO  nextflow.file.FilePorter - Staging foreign file: ftp://ftp.sra.ebi.ac.uk/vol1/fastq/SRR236/081/SRR23609081/SRR23609081_1.fastq.gz
Juni-29 16:01:11.999 [ForkJoinPool.commonPool-worker-1] DEBUG nextflow.datasource.SraExplorer - Retryable response error - attempt: 1; reason: Server returned HTTP response code: 429 for URL: https://eutils.ncbi.nlm.nih.gov/entrez/eutils/esummary.fcgi?db=sra&retmode=json&query_key=1&WebEnv=MCID_6a427aa794da7e459a0d6c64&retstart=0&retmax=500
Juni-29 16:01:12.225 [ForkJoinPool.commonPool-worker-1] DEBUG nextflow.datasource.SraExplorer - SRA search url=https://eutils.ncbi.nlm.nih.gov/entrez/eutils/esearch.fcgi?db=sra&usehistory=y&retmode=json&term=SRR23609084
Juni-29 16:01:12.230 [FileTransfer-1] DEBUG nextflow.file.FilePorter - Copying foreign file ftp://ftp.sra.ebi.ac.uk/vol1/fastq/SRR236/080/SRR23609080/SRR23609080_1.fastq.gz to work dir: /Users/ewa/Desktop/Ewa/STUDIA/2025_Bioinformatyka/pd5227_pipline_automatyzacja/projekt/work/stage-5d201622-85a5-4380-982a-04f910f96135/40/59d663b655bd3fc028d42740a390ee/SRR23609080_1.fastq.gz
Juni-29 16:01:12.230 [FileTransfer-4] DEBUG nextflow.file.FilePorter - Copying foreign file ftp://ftp.sra.ebi.ac.uk/vol1/fastq/SRR236/080/SRR23609080/SRR23609080_2.fastq.gz to work dir: /Users/ewa/Desktop/Ewa/STUDIA/2025_Bioinformatyka/pd5227_pipline_automatyzacja/projekt/work/stage-5d201622-85a5-4380-982a-04f910f96135/58/8870cdc65ba3e8509f731ca642a675/SRR23609080_2.fastq.gz
Juni-29 16:01:12.569 [ForkJoinPool.commonPool-worker-1] DEBUG nextflow.datasource.SraExplorer - SRA data request url=https://eutils.ncbi.nlm.nih.gov/entrez/eutils/esummary.fcgi?db=sra&retmode=json&query_key=1&WebEnv=MCID_6a427aa85b886344b000878c&retstart=0&retmax=500
Juni-29 16:01:12.711 [ForkJoinPool.commonPool-worker-1] DEBUG nextflow.datasource.SraExplorer - SRA search url=https://eutils.ncbi.nlm.nih.gov/entrez/eutils/esearch.fcgi?db=sra&usehistory=y&retmode=json&term=SRR23609085
Juni-29 16:01:12.716 [FileTransfer-5] DEBUG nextflow.file.FilePorter - Copying foreign file ftp://ftp.sra.ebi.ac.uk/vol1/fastq/SRR236/084/SRR23609084/SRR23609084_2.fastq.gz to work dir: /Users/ewa/Desktop/Ewa/STUDIA/2025_Bioinformatyka/pd5227_pipline_automatyzacja/projekt/work/stage-5d201622-85a5-4380-982a-04f910f96135/97/1a43d9e4feb50c066fa47f3dfcef67/SRR23609084_2.fastq.gz
Juni-29 16:01:12.716 [FileTransfer-6] DEBUG nextflow.file.FilePorter - Copying foreign file ftp://ftp.sra.ebi.ac.uk/vol1/fastq/SRR236/084/SRR23609084/SRR23609084_1.fastq.gz to work dir: /Users/ewa/Desktop/Ewa/STUDIA/2025_Bioinformatyka/pd5227_pipline_automatyzacja/projekt/work/stage-5d201622-85a5-4380-982a-04f910f96135/76/752b11e8eac9f106536ec45667aebe/SRR23609084_1.fastq.gz
Juni-29 16:01:13.289 [ForkJoinPool.commonPool-worker-1] DEBUG nextflow.datasource.SraExplorer - Retryable response error - attempt: 1; reason: Server returned HTTP response code: 429 for URL: https://eutils.ncbi.nlm.nih.gov/entrez/eutils/esearch.fcgi?db=sra&usehistory=y&retmode=json&term=SRR23609085
Juni-29 16:01:13.486 [Task submitter] DEBUG n.executor.local.LocalTaskHandler - Launch cmd line: /bin/bash -ue .command.run
Juni-29 16:01:13.486 [Task submitter] INFO  nextflow.Session - [0d/8e6989] Submitted process > TRIMMOMATIC (7)
Juni-29 16:01:13.526 [ForkJoinPool.commonPool-worker-1] DEBUG nextflow.datasource.SraExplorer - SRA data request url=https://eutils.ncbi.nlm.nih.gov/entrez/eutils/esummary.fcgi?db=sra&retmode=json&query_key=1&WebEnv=MCID_6a427aa94787fe6eb5032573&retstart=0&retmax=500
Juni-29 16:01:13.673 [ForkJoinPool.commonPool-worker-1] DEBUG nextflow.datasource.SraExplorer - SRA search url=https://eutils.ncbi.nlm.nih.gov/entrez/eutils/esearch.fcgi?db=sra&usehistory=y&retmode=json&term=SRR23609086
Juni-29 16:01:13.677 [FileTransfer-8] DEBUG nextflow.file.FilePorter - Copying foreign file ftp://ftp.sra.ebi.ac.uk/vol1/fastq/SRR236/085/SRR23609085/SRR23609085_1.fastq.gz to work dir: /Users/ewa/Desktop/Ewa/STUDIA/2025_Bioinformatyka/pd5227_pipline_automatyzacja/projekt/work/stage-5d201622-85a5-4380-982a-04f910f96135/13/345ad2fd6cb41c89159aa2d14ea67b/SRR23609085_1.fastq.gz
Juni-29 16:01:13.677 [FileTransfer-9] DEBUG nextflow.file.FilePorter - Copying foreign file ftp://ftp.sra.ebi.ac.uk/vol1/fastq/SRR236/085/SRR23609085/SRR23609085_2.fastq.gz to work dir: /Users/ewa/Desktop/Ewa/STUDIA/2025_Bioinformatyka/pd5227_pipline_automatyzacja/projekt/work/stage-5d201622-85a5-4380-982a-04f910f96135/21/9ac86afda5895946b3012036490563/SRR23609085_2.fastq.gz
Juni-29 16:01:13.832 [ForkJoinPool.commonPool-worker-1] DEBUG nextflow.datasource.SraExplorer - SRA data request url=https://eutils.ncbi.nlm.nih.gov/entrez/eutils/esummary.fcgi?db=sra&retmode=json&query_key=1&WebEnv=MCID_6a427aa926ba51fc4f05be40&retstart=0&retmax=500
Juni-29 16:01:13.979 [Actor Thread 1] INFO  nextflow.file.FilePorter - Staging foreign file: ftp://ftp.sra.ebi.ac.uk/vol1/fastq/SRR236/082/SRR23609082/SRR23609082_2.fastq.gz
Juni-29 16:01:14.155 [Task submitter] DEBUG n.executor.local.LocalTaskHandler - Launch cmd line: /bin/bash -ue .command.run
Juni-29 16:01:14.156 [Task submitter] INFO  nextflow.Session - [46/68c040] Submitted process > TRIMMOMATIC (8)
Juni-29 16:01:14.203 [Task monitor] DEBUG n.processor.TaskPollingMonitor - Task completed > TaskHandler[id: 5; name: TRIMMOMATIC (3); status: COMPLETED; exit: 0; error: -; workDir: /Users/ewa/Desktop/Ewa/STUDIA/2025_Bioinformatyka/pd5227_pipline_automatyzacja/projekt/work/36/64ced259b527e2c53cada58b31ce88]
Juni-29 16:01:14.213 [Task submitter] WARN  n.executor.BashWrapperBuilder - Task runtime metrics are not reported when using macOS without a container engine
Juni-29 16:01:14.216 [Task submitter] DEBUG n.executor.local.LocalTaskHandler - Launch cmd line: /bin/bash -ue .command.run
Juni-29 16:01:14.217 [Task submitter] INFO  nextflow.Session - [a8/950517] Submitted process > FASTQC (1)
Juni-29 16:01:14.224 [Task submitter] DEBUG n.executor.local.LocalTaskHandler - Launch cmd line: /bin/bash -ue .command.run
Juni-29 16:01:14.224 [Task submitter] INFO  nextflow.Session - [30/82bae0] Submitted process > MAPPING (1)
Juni-29 16:01:14.350 [ForkJoinPool.commonPool-worker-1] DEBUG nextflow.datasource.SraExplorer - Retryable response error - attempt: 1; reason: Server returned HTTP response code: 429 for URL: https://eutils.ncbi.nlm.nih.gov/entrez/eutils/esummary.fcgi?db=sra&retmode=json&query_key=1&WebEnv=MCID_6a427aa926ba51fc4f05be40&retstart=0&retmax=500
Juni-29 16:01:14.484 [Actor Thread 11] INFO  nextflow.file.FilePorter - Staging foreign file: ftp://ftp.sra.ebi.ac.uk/vol1/fastq/SRR236/078/SRR23609078/SRR23609078_2.fastq.gz
Juni-29 16:01:14.571 [FileTransfer-1] DEBUG nextflow.file.FilePorter - Copying foreign file ftp://ftp.sra.ebi.ac.uk/vol1/fastq/SRR236/086/SRR23609086/SRR23609086_2.fastq.gz to work dir: /Users/ewa/Desktop/Ewa/STUDIA/2025_Bioinformatyka/pd5227_pipline_automatyzacja/projekt/work/stage-5d201622-85a5-4380-982a-04f910f96135/28/278592596535782b3e257eb7a14e26/SRR23609086_2.fastq.gz
Juni-29 16:01:14.571 [FileTransfer-2] DEBUG nextflow.file.FilePorter - Copying foreign file ftp://ftp.sra.ebi.ac.uk/vol1/fastq/SRR236/086/SRR23609086/SRR23609086_1.fastq.gz to work dir: /Users/ewa/Desktop/Ewa/STUDIA/2025_Bioinformatyka/pd5227_pipline_automatyzacja/projekt/work/stage-5d201622-85a5-4380-982a-04f910f96135/86/1cb3addf0cddc8745bfba98d748b62/SRR23609086_1.fastq.gz
Juni-29 16:01:15.007 [Task submitter] DEBUG n.executor.local.LocalTaskHandler - Launch cmd line: /bin/bash -ue .command.run
Juni-29 16:01:15.007 [Task submitter] INFO  nextflow.Session - [56/73744a] Submitted process > TRIMMOMATIC (9)
Juni-29 16:01:15.498 [Task monitor] DEBUG n.processor.TaskPollingMonitor - Task completed > TaskHandler[id: 4; name: TRIMMOMATIC (2); status: COMPLETED; exit: 0; error: -; workDir: /Users/ewa/Desktop/Ewa/STUDIA/2025_Bioinformatyka/pd5227_pipline_automatyzacja/projekt/work/11/c58f627415b973f30d5991f9a19f0a]
Juni-29 16:01:15.528 [Task submitter] DEBUG n.executor.local.LocalTaskHandler - Launch cmd line: /bin/bash -ue .command.run
Juni-29 16:01:15.528 [Task submitter] INFO  nextflow.Session - [39/cd88b5] Submitted process > MAPPING (2)
Juni-29 16:01:15.532 [Task submitter] DEBUG n.executor.local.LocalTaskHandler - Launch cmd line: /bin/bash -ue .command.run
Juni-29 16:01:15.532 [Task submitter] INFO  nextflow.Session - [b5/75cb1c] Submitted process > FASTQC (2)
Juni-29 16:01:20.712 [Task monitor] DEBUG n.processor.TaskPollingMonitor - Task completed > TaskHandler[id: 3; name: TRIMMOMATIC (1); status: COMPLETED; exit: 0; error: -; workDir: /Users/ewa/Desktop/Ewa/STUDIA/2025_Bioinformatyka/pd5227_pipline_automatyzacja/projekt/work/bb/a0e6ddc72bba3a658aae09daf5298d]
Juni-29 16:01:20.723 [Task submitter] DEBUG n.executor.local.LocalTaskHandler - Launch cmd line: /bin/bash -ue .command.run
Juni-29 16:01:20.723 [Task submitter] INFO  nextflow.Session - [90/8d9c7c] Submitted process > TRIMMOMATIC (10)
Juni-29 16:01:20.820 [Task monitor] DEBUG n.processor.TaskPollingMonitor - Task completed > TaskHandler[id: 12; name: FASTQC (1); status: COMPLETED; exit: 0; error: -; workDir: /Users/ewa/Desktop/Ewa/STUDIA/2025_Bioinformatyka/pd5227_pipline_automatyzacja/projekt/work/a8/950517c838765154b175f58226df5b]
Juni-29 16:01:20.827 [Task submitter] DEBUG n.executor.local.LocalTaskHandler - Launch cmd line: /bin/bash -ue .command.run
Juni-29 16:01:20.828 [Task submitter] INFO  nextflow.Session - [85/4998f3] Submitted process > TRIMMOMATIC (6)
Juni-29 16:01:22.463 [Task monitor] DEBUG n.processor.TaskPollingMonitor - Task completed > TaskHandler[id: 16; name: FASTQC (2); status: COMPLETED; exit: 0; error: -; workDir: /Users/ewa/Desktop/Ewa/STUDIA/2025_Bioinformatyka/pd5227_pipline_automatyzacja/projekt/work/b5/75cb1c7fe8e16a276686205b694e53]
Juni-29 16:01:22.469 [Task submitter] DEBUG n.executor.local.LocalTaskHandler - Launch cmd line: /bin/bash -ue .command.run
Juni-29 16:01:22.469 [Task submitter] INFO  nextflow.Session - [84/26bf74] Submitted process > FASTQC (3)
Juni-29 16:01:28.299 [Task monitor] DEBUG n.processor.TaskPollingMonitor - Task completed > TaskHandler[id: 9; name: TRIMMOMATIC (7); status: COMPLETED; exit: 0; error: -; workDir: /Users/ewa/Desktop/Ewa/STUDIA/2025_Bioinformatyka/pd5227_pipline_automatyzacja/projekt/work/0d/8e698969afd1efc1e0d563b9f109b3]
Juni-29 16:01:28.310 [Task submitter] DEBUG n.executor.local.LocalTaskHandler - Launch cmd line: /bin/bash -ue .command.run
Juni-29 16:01:28.310 [Task submitter] INFO  nextflow.Session - [69/82f236] Submitted process > MAPPING (3)
Juni-29 16:01:29.081 [Task monitor] DEBUG n.processor.TaskPollingMonitor - Task completed > TaskHandler[id: 17; name: FASTQC (3); status: COMPLETED; exit: 0; error: -; workDir: /Users/ewa/Desktop/Ewa/STUDIA/2025_Bioinformatyka/pd5227_pipline_automatyzacja/projekt/work/84/26bf74471f1927fd1082de8c5231c6]
Juni-29 16:01:29.087 [Task submitter] DEBUG n.executor.local.LocalTaskHandler - Launch cmd line: /bin/bash -ue .command.run
Juni-29 16:01:29.087 [Task submitter] INFO  nextflow.Session - [5f/7e482a] Submitted process > TRIMMOMATIC (4)
Juni-29 16:01:32.528 [Task monitor] DEBUG n.processor.TaskPollingMonitor - Task completed > TaskHandler[id: 11; name: TRIMMOMATIC (9); status: COMPLETED; exit: 0; error: -; workDir: /Users/ewa/Desktop/Ewa/STUDIA/2025_Bioinformatyka/pd5227_pipline_automatyzacja/projekt/work/56/73744a171ba7b0d22497ac31043029]
Juni-29 16:01:32.551 [Task submitter] DEBUG n.executor.local.LocalTaskHandler - Launch cmd line: /bin/bash -ue .command.run
Juni-29 16:01:32.554 [Task submitter] INFO  nextflow.Session - [7d/85bc95] Submitted process > FASTQC (4)
Juni-29 16:01:35.519 [Task monitor] DEBUG n.processor.TaskPollingMonitor - Task completed > TaskHandler[id: 10; name: TRIMMOMATIC (8); status: COMPLETED; exit: 0; error: -; workDir: /Users/ewa/Desktop/Ewa/STUDIA/2025_Bioinformatyka/pd5227_pipline_automatyzacja/projekt/work/46/68c04016d3ad2f88209f738f5431ee]
Juni-29 16:01:35.532 [Task submitter] DEBUG n.executor.local.LocalTaskHandler - Launch cmd line: /bin/bash -ue .command.run
Juni-29 16:01:35.532 [Task submitter] INFO  nextflow.Session - [5a/16dfd3] Submitted process > MAPPING (4)
Juni-29 16:01:35.922 [Task monitor] DEBUG n.processor.TaskPollingMonitor - Task completed > TaskHandler[id: 8; name: TRIMMOMATIC (6); status: COMPLETED; exit: 0; error: -; workDir: /Users/ewa/Desktop/Ewa/STUDIA/2025_Bioinformatyka/pd5227_pipline_automatyzacja/projekt/work/85/4998f316f30c0aaeaa14199b0608aa]
Juni-29 16:01:35.940 [Task submitter] DEBUG n.executor.local.LocalTaskHandler - Launch cmd line: /bin/bash -ue .command.run
Juni-29 16:01:35.941 [Task submitter] INFO  nextflow.Session - [98/b28465] Submitted process > TRIMMOMATIC (5)
Juni-29 16:01:37.266 [Task monitor] DEBUG n.processor.TaskPollingMonitor - Task completed > TaskHandler[id: 14; name: TRIMMOMATIC (10); status: COMPLETED; exit: 0; error: -; workDir: /Users/ewa/Desktop/Ewa/STUDIA/2025_Bioinformatyka/pd5227_pipline_automatyzacja/projekt/work/90/8d9c7ca347a7f82ae56732898c574d]
Juni-29 16:01:37.273 [Task submitter] DEBUG n.executor.local.LocalTaskHandler - Launch cmd line: /bin/bash -ue .command.run
Juni-29 16:01:37.273 [Task submitter] INFO  nextflow.Session - [12/880101] Submitted process > FASTQC (5)
Juni-29 16:01:38.227 [Task monitor] DEBUG n.processor.TaskPollingMonitor - Task completed > TaskHandler[id: 19; name: FASTQC (4); status: COMPLETED; exit: 0; error: -; workDir: /Users/ewa/Desktop/Ewa/STUDIA/2025_Bioinformatyka/pd5227_pipline_automatyzacja/projekt/work/7d/85bc95fcc31ee3c68cbe24168a629e]
Juni-29 16:01:38.234 [Task submitter] DEBUG n.executor.local.LocalTaskHandler - Launch cmd line: /bin/bash -ue .command.run
Juni-29 16:01:38.234 [Task submitter] INFO  nextflow.Session - [ca/3c9c3b] Submitted process > MAPPING (5)
Juni-29 16:01:40.826 [Task monitor] DEBUG n.processor.TaskPollingMonitor - Task completed > TaskHandler[id: 6; name: TRIMMOMATIC (4); status: COMPLETED; exit: 0; error: -; workDir: /Users/ewa/Desktop/Ewa/STUDIA/2025_Bioinformatyka/pd5227_pipline_automatyzacja/projekt/work/5f/7e482a5094be54cf3a01b3dcf871d3]
Juni-29 16:01:40.833 [Task submitter] DEBUG n.executor.local.LocalTaskHandler - Launch cmd line: /bin/bash -ue .command.run
Juni-29 16:01:40.833 [Task submitter] INFO  nextflow.Session - [a3/b24f48] Submitted process > FASTQC (6)
Juni-29 16:01:43.462 [Task monitor] DEBUG n.processor.TaskPollingMonitor - Task completed > TaskHandler[id: 13; name: MAPPING (1); status: COMPLETED; exit: 0; error: -; workDir: /Users/ewa/Desktop/Ewa/STUDIA/2025_Bioinformatyka/pd5227_pipline_automatyzacja/projekt/work/30/82bae0b3cd452836c05ce1c9a2fc49]
Juni-29 16:01:43.469 [Task submitter] DEBUG n.executor.local.LocalTaskHandler - Launch cmd line: /bin/bash -ue .command.run
Juni-29 16:01:43.469 [Task submitter] INFO  nextflow.Session - [75/093bc7] Submitted process > MAPPING (6)
Juni-29 16:01:43.950 [Task monitor] DEBUG n.processor.TaskPollingMonitor - Task completed > TaskHandler[id: 22; name: FASTQC (5); status: COMPLETED; exit: 0; error: -; workDir: /Users/ewa/Desktop/Ewa/STUDIA/2025_Bioinformatyka/pd5227_pipline_automatyzacja/projekt/work/12/880101d5a4afc6269e492fa8f3eafc]
Juni-29 16:01:43.958 [Task submitter] DEBUG n.executor.local.LocalTaskHandler - Launch cmd line: /bin/bash -ue .command.run
Juni-29 16:01:43.958 [Task submitter] INFO  nextflow.Session - [d1/96e5b5] Submitted process > FASTQC (7)
Juni-29 16:01:47.702 [Task monitor] DEBUG n.processor.TaskPollingMonitor - Task completed > TaskHandler[id: 23; name: FASTQC (6); status: COMPLETED; exit: 0; error: -; workDir: /Users/ewa/Desktop/Ewa/STUDIA/2025_Bioinformatyka/pd5227_pipline_automatyzacja/projekt/work/a3/b24f48aa461e827dd27b41cc7c7fc3]
Juni-29 16:01:47.712 [Task submitter] DEBUG n.executor.local.LocalTaskHandler - Launch cmd line: /bin/bash -ue .command.run
Juni-29 16:01:47.713 [Task submitter] INFO  nextflow.Session - [40/059279] Submitted process > MAPPING (7)
Juni-29 16:01:49.965 [Task monitor] DEBUG n.processor.TaskPollingMonitor - Task completed > TaskHandler[id: 26; name: FASTQC (7); status: COMPLETED; exit: 0; error: -; workDir: /Users/ewa/Desktop/Ewa/STUDIA/2025_Bioinformatyka/pd5227_pipline_automatyzacja/projekt/work/d1/96e5b555a60c97d184a5b9f8ea2a50]
Juni-29 16:01:49.969 [Task submitter] DEBUG n.executor.local.LocalTaskHandler - Launch cmd line: /bin/bash -ue .command.run
Juni-29 16:01:49.970 [Task submitter] INFO  nextflow.Session - [e5/0293c0] Submitted process > FASTQC (8)
Juni-29 16:01:55.621 [Task monitor] DEBUG n.processor.TaskPollingMonitor - Task completed > TaskHandler[id: 7; name: TRIMMOMATIC (5); status: COMPLETED; exit: 0; error: -; workDir: /Users/ewa/Desktop/Ewa/STUDIA/2025_Bioinformatyka/pd5227_pipline_automatyzacja/projekt/work/98/b284656ed3e6308ce69c75c728e057]
Juni-29 16:01:55.628 [Task submitter] DEBUG n.executor.local.LocalTaskHandler - Launch cmd line: /bin/bash -ue .command.run
Juni-29 16:01:55.628 [Task submitter] INFO  nextflow.Session - [d2/749cfe] Submitted process > MAPPING (8)
Juni-29 16:01:57.692 [Task monitor] DEBUG n.processor.TaskPollingMonitor - Task completed > TaskHandler[id: 27; name: FASTQC (8); status: COMPLETED; exit: 0; error: -; workDir: /Users/ewa/Desktop/Ewa/STUDIA/2025_Bioinformatyka/pd5227_pipline_automatyzacja/projekt/work/e5/0293c087b31487f94400705b2350a4]
Juni-29 16:01:57.697 [Task submitter] DEBUG n.executor.local.LocalTaskHandler - Launch cmd line: /bin/bash -ue .command.run
Juni-29 16:01:57.698 [Task submitter] INFO  nextflow.Session - [3a/26ef6b] Submitted process > FASTQC (9)
Juni-29 16:02:00.348 [Task monitor] DEBUG n.processor.TaskPollingMonitor - Task completed > TaskHandler[id: 20; name: MAPPING (4); status: COMPLETED; exit: 0; error: -; workDir: /Users/ewa/Desktop/Ewa/STUDIA/2025_Bioinformatyka/pd5227_pipline_automatyzacja/projekt/work/5a/16dfd33a1a53f0a4d27553b5915451]
Juni-29 16:02:00.358 [Task submitter] DEBUG n.executor.local.LocalTaskHandler - Launch cmd line: /bin/bash -ue .command.run
Juni-29 16:02:00.358 [Task submitter] INFO  nextflow.Session - [cc/26ce48] Submitted process > MAPPING (9)
Juni-29 16:02:03.079 [Task monitor] DEBUG n.processor.TaskPollingMonitor - Task completed > TaskHandler[id: 18; name: MAPPING (3); status: COMPLETED; exit: 0; error: -; workDir: /Users/ewa/Desktop/Ewa/STUDIA/2025_Bioinformatyka/pd5227_pipline_automatyzacja/projekt/work/69/82f236d05b0c5d301ad3091f6e4a01]
Juni-29 16:02:03.086 [Task submitter] DEBUG n.executor.local.LocalTaskHandler - Launch cmd line: /bin/bash -ue .command.run
Juni-29 16:02:03.086 [Task submitter] INFO  nextflow.Session - [c7/55f294] Submitted process > SAMTOOLS_SORT (1)
Juni-29 16:02:03.269 [Task monitor] DEBUG n.processor.TaskPollingMonitor - Task completed > TaskHandler[id: 29; name: FASTQC (9); status: COMPLETED; exit: 0; error: -; workDir: /Users/ewa/Desktop/Ewa/STUDIA/2025_Bioinformatyka/pd5227_pipline_automatyzacja/projekt/work/3a/26ef6b651429e78485bfdb10e5207d]
Juni-29 16:02:03.276 [Task submitter] DEBUG n.executor.local.LocalTaskHandler - Launch cmd line: /bin/bash -ue .command.run
Juni-29 16:02:03.276 [Task submitter] INFO  nextflow.Session - [eb/801fa6] Submitted process > MAPPING (10)
Juni-29 16:02:05.553 [Task monitor] DEBUG n.processor.TaskPollingMonitor - Task completed > TaskHandler[id: 21; name: MAPPING (5); status: COMPLETED; exit: 0; error: -; workDir: /Users/ewa/Desktop/Ewa/STUDIA/2025_Bioinformatyka/pd5227_pipline_automatyzacja/projekt/work/ca/3c9c3bc1ca17ff9f0f2de2e3cd643a]
Juni-29 16:02:05.557 [Task submitter] DEBUG n.executor.local.LocalTaskHandler - Launch cmd line: /bin/bash -ue .command.run
Juni-29 16:02:05.558 [Task submitter] INFO  nextflow.Session - [05/237425] Submitted process > FASTQC (10)
Juni-29 16:02:06.274 [Task monitor] DEBUG n.processor.TaskPollingMonitor - Task completed > TaskHandler[id: 31; name: SAMTOOLS_SORT (1); status: COMPLETED; exit: 0; error: -; workDir: /Users/ewa/Desktop/Ewa/STUDIA/2025_Bioinformatyka/pd5227_pipline_automatyzacja/projekt/work/c7/55f29422ab0081c1c7928d4cc75ae5]
Juni-29 16:02:06.291 [Task submitter] DEBUG n.executor.local.LocalTaskHandler - Launch cmd line: /bin/bash -ue .command.run
Juni-29 16:02:06.292 [Task submitter] INFO  nextflow.Session - [f6/3b12df] Submitted process > SAMTOOLS_SORT (2)
Juni-29 16:02:09.938 [Task monitor] DEBUG n.processor.TaskPollingMonitor - Task completed > TaskHandler[id: 15; name: MAPPING (2); status: COMPLETED; exit: 0; error: -; workDir: /Users/ewa/Desktop/Ewa/STUDIA/2025_Bioinformatyka/pd5227_pipline_automatyzacja/projekt/work/39/cd88b57adbafa2d13c03cc184a0576]
Juni-29 16:02:09.943 [Task submitter] DEBUG n.executor.local.LocalTaskHandler - Launch cmd line: /bin/bash -ue .command.run
Juni-29 16:02:09.943 [Task submitter] INFO  nextflow.Session - [ba/9d0f7f] Submitted process > SAMTOOLS_SORT (3)
Juni-29 16:02:11.353 [Task monitor] DEBUG n.processor.TaskPollingMonitor - Task completed > TaskHandler[id: 34; name: SAMTOOLS_SORT (2); status: COMPLETED; exit: 0; error: -; workDir: /Users/ewa/Desktop/Ewa/STUDIA/2025_Bioinformatyka/pd5227_pipline_automatyzacja/projekt/work/f6/3b12dfd81de7206cd1979a485e004f]
Juni-29 16:02:11.360 [Task submitter] DEBUG n.executor.local.LocalTaskHandler - Launch cmd line: /bin/bash -ue .command.run
Juni-29 16:02:11.360 [Task submitter] INFO  nextflow.Session - [8e/32402a] Submitted process > SAMTOOLS_SORT (4)
Juni-29 16:02:13.161 [Task monitor] DEBUG n.processor.TaskPollingMonitor - Task completed > TaskHandler[id: 33; name: FASTQC (10); status: COMPLETED; exit: 0; error: -; workDir: /Users/ewa/Desktop/Ewa/STUDIA/2025_Bioinformatyka/pd5227_pipline_automatyzacja/projekt/work/05/2374258ede194ecdebef2703d26f19]
Juni-29 16:02:13.166 [Task submitter] DEBUG n.executor.local.LocalTaskHandler - Launch cmd line: /bin/bash -ue .command.run
Juni-29 16:02:13.166 [Task submitter] INFO  nextflow.Session - [6c/ef7206] Submitted process > VARIANTS_IDENTIFICATION (1)
Juni-29 16:02:15.704 [Task monitor] DEBUG n.processor.TaskPollingMonitor - Task completed > TaskHandler[id: 35; name: SAMTOOLS_SORT (3); status: COMPLETED; exit: 0; error: -; workDir: /Users/ewa/Desktop/Ewa/STUDIA/2025_Bioinformatyka/pd5227_pipline_automatyzacja/projekt/work/ba/9d0f7fa327cda7cb2a361c90b3e426]
Juni-29 16:02:15.708 [Task submitter] DEBUG n.executor.local.LocalTaskHandler - Launch cmd line: /bin/bash -ue .command.run
Juni-29 16:02:15.709 [Task submitter] INFO  nextflow.Session - [e5/dcc03b] Submitted process > SAMTOOLS_INDEX (1)
Juni-29 16:02:16.131 [Task monitor] DEBUG n.processor.TaskPollingMonitor - Task completed > TaskHandler[id: 37; name: VARIANTS_IDENTIFICATION (1); status: COMPLETED; exit: 0; error: -; workDir: /Users/ewa/Desktop/Ewa/STUDIA/2025_Bioinformatyka/pd5227_pipline_automatyzacja/projekt/work/6c/ef7206d5c2f2da8b00ed608d4aeb68]
Juni-29 16:02:16.139 [Task submitter] DEBUG n.executor.local.LocalTaskHandler - Launch cmd line: /bin/bash -ue .command.run
Juni-29 16:02:16.139 [Task submitter] INFO  nextflow.Session - [fa/c664f6] Submitted process > SAMTOOLS_SORT (5)
Juni-29 16:02:16.895 [Task monitor] DEBUG n.processor.TaskPollingMonitor - Task completed > TaskHandler[id: 36; name: SAMTOOLS_SORT (4); status: COMPLETED; exit: 0; error: -; workDir: /Users/ewa/Desktop/Ewa/STUDIA/2025_Bioinformatyka/pd5227_pipline_automatyzacja/projekt/work/8e/32402a476b3c69a5c934ae4e1e28da]
Juni-29 16:02:16.900 [Task submitter] DEBUG n.executor.local.LocalTaskHandler - Launch cmd line: /bin/bash -ue .command.run
Juni-29 16:02:16.900 [Task submitter] INFO  nextflow.Session - [d8/029aa7] Submitted process > SAMTOOLS_INDEX (2)
Juni-29 16:02:18.402 [Task monitor] DEBUG n.processor.TaskPollingMonitor - Task completed > TaskHandler[id: 24; name: MAPPING (6); status: COMPLETED; exit: 0; error: -; workDir: /Users/ewa/Desktop/Ewa/STUDIA/2025_Bioinformatyka/pd5227_pipline_automatyzacja/projekt/work/75/093bc7aa7ff72c4001632da1250685]
Juni-29 16:02:18.407 [Task submitter] DEBUG n.executor.local.LocalTaskHandler - Launch cmd line: /bin/bash -ue .command.run
Juni-29 16:02:18.407 [Task submitter] INFO  nextflow.Session - [34/70d03f] Submitted process > VARIANTS_IDENTIFICATION (2)
Juni-29 16:02:19.000 [Task monitor] DEBUG n.processor.TaskPollingMonitor - Task completed > TaskHandler[id: 38; name: SAMTOOLS_INDEX (1); status: COMPLETED; exit: 0; error: -; workDir: /Users/ewa/Desktop/Ewa/STUDIA/2025_Bioinformatyka/pd5227_pipline_automatyzacja/projekt/work/e5/dcc03b2dd549950d1c01260283d4ec]
Juni-29 16:02:19.002 [Task submitter] WARN  n.executor.BashWrapperBuilder - Task runtime metrics are not reported when using macOS without a container engine
Juni-29 16:02:19.006 [Task submitter] DEBUG n.executor.local.LocalTaskHandler - Launch cmd line: /bin/bash -ue .command.run
Juni-29 16:02:19.006 [Task submitter] INFO  nextflow.Session - [29/4011bb] Submitted process > MULTIQC
Juni-29 16:02:19.689 [Task monitor] DEBUG n.processor.TaskPollingMonitor - Task completed > TaskHandler[id: 40; name: SAMTOOLS_INDEX (2); status: COMPLETED; exit: 0; error: -; workDir: /Users/ewa/Desktop/Ewa/STUDIA/2025_Bioinformatyka/pd5227_pipline_automatyzacja/projekt/work/d8/029aa7887e86de56b38e51b5501351]
Juni-29 16:02:19.692 [Task submitter] DEBUG n.executor.local.LocalTaskHandler - Launch cmd line: /bin/bash -ue .command.run
Juni-29 16:02:19.692 [Task submitter] INFO  nextflow.Session - [56/8584bc] Submitted process > SAMTOOLS_INDEX (3)
Juni-29 16:02:21.839 [Task monitor] DEBUG n.processor.TaskPollingMonitor - Task completed > TaskHandler[id: 42; name: MULTIQC; status: COMPLETED; exit: 0; error: -; workDir: /Users/ewa/Desktop/Ewa/STUDIA/2025_Bioinformatyka/pd5227_pipline_automatyzacja/projekt/work/29/4011bbb9cc7a483b9d257887fbe32a]
Juni-29 16:02:21.850 [Task submitter] DEBUG n.executor.local.LocalTaskHandler - Launch cmd line: /bin/bash -ue .command.run
Juni-29 16:02:21.850 [Task submitter] INFO  nextflow.Session - [31/422b0b] Submitted process > VARIANTS_IDENTIFICATION (3)
Juni-29 16:02:22.097 [Task monitor] DEBUG n.processor.TaskPollingMonitor - Task completed > TaskHandler[id: 39; name: SAMTOOLS_SORT (5); status: COMPLETED; exit: 0; error: -; workDir: /Users/ewa/Desktop/Ewa/STUDIA/2025_Bioinformatyka/pd5227_pipline_automatyzacja/projekt/work/fa/c664f64c6fa6c54b6f25e1c3d876bf]
Juni-29 16:02:22.102 [Task submitter] DEBUG n.executor.local.LocalTaskHandler - Launch cmd line: /bin/bash -ue .command.run
Juni-29 16:02:22.103 [Task submitter] INFO  nextflow.Session - [cc/d891d0] Submitted process > SAMTOOLS_INDEX (4)
Juni-29 16:02:22.776 [Task monitor] DEBUG n.processor.TaskPollingMonitor - Task completed > TaskHandler[id: 44; name: SAMTOOLS_INDEX (3); status: COMPLETED; exit: 0; error: -; workDir: /Users/ewa/Desktop/Ewa/STUDIA/2025_Bioinformatyka/pd5227_pipline_automatyzacja/projekt/work/56/8584bc2a1a6d4b6e70ee4991f3ec3a]
Juni-29 16:02:22.782 [Task submitter] DEBUG n.executor.local.LocalTaskHandler - Launch cmd line: /bin/bash -ue .command.run
Juni-29 16:02:22.782 [Task submitter] INFO  nextflow.Session - [95/ef0115] Submitted process > VARIANTS_IDENTIFICATION (4)
Juni-29 16:02:23.035 [Task monitor] DEBUG n.processor.TaskPollingMonitor - Task completed > TaskHandler[id: 41; name: VARIANTS_IDENTIFICATION (2); status: COMPLETED; exit: 0; error: -; workDir: /Users/ewa/Desktop/Ewa/STUDIA/2025_Bioinformatyka/pd5227_pipline_automatyzacja/projekt/work/34/70d03f8b64e04c6b57ba78d0dd71f8]
Juni-29 16:02:23.040 [Task submitter] DEBUG n.executor.local.LocalTaskHandler - Launch cmd line: /bin/bash -ue .command.run
Juni-29 16:02:23.040 [Task submitter] INFO  nextflow.Session - [58/d71872] Submitted process > SAMTOOLS_SORT (6)
Juni-29 16:02:25.051 [Task monitor] DEBUG n.processor.TaskPollingMonitor - Task completed > TaskHandler[id: 45; name: SAMTOOLS_INDEX (4); status: COMPLETED; exit: 0; error: -; workDir: /Users/ewa/Desktop/Ewa/STUDIA/2025_Bioinformatyka/pd5227_pipline_automatyzacja/projekt/work/cc/d891d05cc7a7cc4b9c9779ba5203fc]
Juni-29 16:02:25.056 [Task submitter] DEBUG n.executor.local.LocalTaskHandler - Launch cmd line: /bin/bash -ue .command.run
Juni-29 16:02:25.056 [Task submitter] INFO  nextflow.Session - [cf/99c1be] Submitted process > VARIANTS_IDENTIFICATION (5)
Juni-29 16:02:26.206 [Task monitor] DEBUG n.processor.TaskPollingMonitor - Task completed > TaskHandler[id: 43; name: VARIANTS_IDENTIFICATION (3); status: COMPLETED; exit: 0; error: -; workDir: /Users/ewa/Desktop/Ewa/STUDIA/2025_Bioinformatyka/pd5227_pipline_automatyzacja/projekt/work/31/422b0b1c41edad26b2fe74dfcf51fe]
Juni-29 16:02:26.211 [Task submitter] DEBUG n.executor.local.LocalTaskHandler - Launch cmd line: /bin/bash -ue .command.run
Juni-29 16:02:26.211 [Task submitter] INFO  nextflow.Session - [a3/d63034] Submitted process > SAMTOOLS_INDEX (5)
Juni-29 16:02:26.539 [Task monitor] DEBUG n.processor.TaskPollingMonitor - Task completed > TaskHandler[id: 46; name: VARIANTS_IDENTIFICATION (4); status: COMPLETED; exit: 0; error: -; workDir: /Users/ewa/Desktop/Ewa/STUDIA/2025_Bioinformatyka/pd5227_pipline_automatyzacja/projekt/work/95/ef0115d36701fcdc0b41046bd4d310]
Juni-29 16:02:28.216 [Task monitor] DEBUG n.processor.TaskPollingMonitor - Task completed > TaskHandler[id: 48; name: VARIANTS_IDENTIFICATION (5); status: COMPLETED; exit: 0; error: -; workDir: /Users/ewa/Desktop/Ewa/STUDIA/2025_Bioinformatyka/pd5227_pipline_automatyzacja/projekt/work/cf/99c1be8d140f71d69269a20d680a96]
Juni-29 16:02:28.464 [Task monitor] DEBUG n.processor.TaskPollingMonitor - Task completed > TaskHandler[id: 49; name: SAMTOOLS_INDEX (5); status: COMPLETED; exit: 0; error: -; workDir: /Users/ewa/Desktop/Ewa/STUDIA/2025_Bioinformatyka/pd5227_pipline_automatyzacja/projekt/work/a3/d63034ef3541ce02f3e5a2bc2e40ef]
Juni-29 16:02:29.112 [Task monitor] DEBUG n.processor.TaskPollingMonitor - Task completed > TaskHandler[id: 47; name: SAMTOOLS_SORT (6); status: COMPLETED; exit: 0; error: -; workDir: /Users/ewa/Desktop/Ewa/STUDIA/2025_Bioinformatyka/pd5227_pipline_automatyzacja/projekt/work/58/d7187283c76dd9d20c59bf746b11b7]
Juni-29 16:02:29.120 [Task submitter] DEBUG n.executor.local.LocalTaskHandler - Launch cmd line: /bin/bash -ue .command.run
Juni-29 16:02:29.121 [Task submitter] INFO  nextflow.Session - [00/5717d5] Submitted process > SAMTOOLS_INDEX (6)
Juni-29 16:02:29.123 [Task submitter] DEBUG n.executor.local.LocalTaskHandler - Launch cmd line: /bin/bash -ue .command.run
Juni-29 16:02:29.123 [Task submitter] INFO  nextflow.Session - [41/68e5ac] Submitted process > VARIANTS_IDENTIFICATION (6)
Juni-29 16:02:29.930 [Task monitor] DEBUG n.processor.TaskPollingMonitor - Task completed > TaskHandler[id: 30; name: MAPPING (9); status: COMPLETED; exit: 0; error: -; workDir: /Users/ewa/Desktop/Ewa/STUDIA/2025_Bioinformatyka/pd5227_pipline_automatyzacja/projekt/work/cc/26ce4809ac335816985631f602483c]
Juni-29 16:02:29.946 [Task submitter] DEBUG n.executor.local.LocalTaskHandler - Launch cmd line: /bin/bash -ue .command.run
Juni-29 16:02:29.946 [Task submitter] INFO  nextflow.Session - [02/5bae89] Submitted process > SAMTOOLS_SORT (7)
Juni-29 16:02:31.123 [Task monitor] DEBUG n.processor.TaskPollingMonitor - Task completed > TaskHandler[id: 25; name: MAPPING (7); status: COMPLETED; exit: 0; error: -; workDir: /Users/ewa/Desktop/Ewa/STUDIA/2025_Bioinformatyka/pd5227_pipline_automatyzacja/projekt/work/40/0592793a905e21c7cee7b18a3468c8]
Juni-29 16:02:31.134 [Task submitter] DEBUG n.executor.local.LocalTaskHandler - Launch cmd line: /bin/bash -ue .command.run
Juni-29 16:02:31.134 [Task submitter] INFO  nextflow.Session - [c1/2351b7] Submitted process > SAMTOOLS_SORT (8)
Juni-29 16:02:31.592 [Task monitor] DEBUG n.processor.TaskPollingMonitor - Task completed > TaskHandler[id: 51; name: SAMTOOLS_INDEX (6); status: COMPLETED; exit: 0; error: -; workDir: /Users/ewa/Desktop/Ewa/STUDIA/2025_Bioinformatyka/pd5227_pipline_automatyzacja/projekt/work/00/5717d506a17baaa968e717edbab95c]
Juni-29 16:02:32.094 [Task monitor] DEBUG n.processor.TaskPollingMonitor - Task completed > TaskHandler[id: 50; name: VARIANTS_IDENTIFICATION (6); status: COMPLETED; exit: 0; error: -; workDir: /Users/ewa/Desktop/Ewa/STUDIA/2025_Bioinformatyka/pd5227_pipline_automatyzacja/projekt/work/41/68e5aca7f3de431e7e54f84b1b78eb]
Juni-29 16:02:32.770 [Task monitor] DEBUG n.processor.TaskPollingMonitor - Task completed > TaskHandler[id: 52; name: SAMTOOLS_SORT (7); status: COMPLETED; exit: 0; error: -; workDir: /Users/ewa/Desktop/Ewa/STUDIA/2025_Bioinformatyka/pd5227_pipline_automatyzacja/projekt/work/02/5bae897911404689950a27d9315311]
Juni-29 16:02:32.779 [Task submitter] DEBUG n.executor.local.LocalTaskHandler - Launch cmd line: /bin/bash -ue .command.run
Juni-29 16:02:32.779 [Task submitter] INFO  nextflow.Session - [94/a3f99a] Submitted process > SAMTOOLS_INDEX (7)
Juni-29 16:02:32.782 [Task submitter] DEBUG n.executor.local.LocalTaskHandler - Launch cmd line: /bin/bash -ue .command.run
Juni-29 16:02:32.782 [Task submitter] INFO  nextflow.Session - [6e/287196] Submitted process > VARIANTS_IDENTIFICATION (7)
Juni-29 16:02:33.010 [Task monitor] DEBUG n.processor.TaskPollingMonitor - Task completed > TaskHandler[id: 28; name: MAPPING (8); status: COMPLETED; exit: 0; error: -; workDir: /Users/ewa/Desktop/Ewa/STUDIA/2025_Bioinformatyka/pd5227_pipline_automatyzacja/projekt/work/d2/749cfe3841002502b6e87fbf51bf00]
Juni-29 16:02:33.020 [Task submitter] DEBUG n.executor.local.LocalTaskHandler - Launch cmd line: /bin/bash -ue .command.run
Juni-29 16:02:33.020 [Task submitter] INFO  nextflow.Session - [c8/4d7412] Submitted process > SAMTOOLS_SORT (9)
Juni-29 16:02:34.446 [Task monitor] DEBUG n.processor.TaskPollingMonitor - Task completed > TaskHandler[id: 53; name: SAMTOOLS_SORT (8); status: COMPLETED; exit: 0; error: -; workDir: /Users/ewa/Desktop/Ewa/STUDIA/2025_Bioinformatyka/pd5227_pipline_automatyzacja/projekt/work/c1/2351b702b4f57f6ebee8bb75cdac8c]
Juni-29 16:02:34.458 [Task submitter] DEBUG n.executor.local.LocalTaskHandler - Launch cmd line: /bin/bash -ue .command.run
Juni-29 16:02:34.458 [Task submitter] INFO  nextflow.Session - [6d/531a59] Submitted process > SAMTOOLS_INDEX (8)
Juni-29 16:02:34.463 [Task submitter] DEBUG n.executor.local.LocalTaskHandler - Launch cmd line: /bin/bash -ue .command.run
Juni-29 16:02:34.464 [Task submitter] INFO  nextflow.Session - [e3/51ab37] Submitted process > VARIANTS_IDENTIFICATION (8)
Juni-29 16:02:34.692 [Task monitor] DEBUG n.processor.TaskPollingMonitor - Task completed > TaskHandler[id: 55; name: SAMTOOLS_INDEX (7); status: COMPLETED; exit: 0; error: -; workDir: /Users/ewa/Desktop/Ewa/STUDIA/2025_Bioinformatyka/pd5227_pipline_automatyzacja/projekt/work/94/a3f99af12cd4ccf17efeaaee57e657]
Juni-29 16:02:35.359 [Task monitor] DEBUG n.processor.TaskPollingMonitor - Task completed > TaskHandler[id: 54; name: VARIANTS_IDENTIFICATION (7); status: COMPLETED; exit: 0; error: -; workDir: /Users/ewa/Desktop/Ewa/STUDIA/2025_Bioinformatyka/pd5227_pipline_automatyzacja/projekt/work/6e/28719664cac598e1c43bde2962162f]
Juni-29 16:02:36.515 [Task monitor] DEBUG n.processor.TaskPollingMonitor - Task completed > TaskHandler[id: 57; name: SAMTOOLS_INDEX (8); status: COMPLETED; exit: 0; error: -; workDir: /Users/ewa/Desktop/Ewa/STUDIA/2025_Bioinformatyka/pd5227_pipline_automatyzacja/projekt/work/6d/531a592be1eda1a08fb2fcbf249a0c]
Juni-29 16:02:36.589 [Task monitor] DEBUG n.processor.TaskPollingMonitor - Task completed > TaskHandler[id: 56; name: SAMTOOLS_SORT (9); status: COMPLETED; exit: 0; error: -; workDir: /Users/ewa/Desktop/Ewa/STUDIA/2025_Bioinformatyka/pd5227_pipline_automatyzacja/projekt/work/c8/4d7412945b261cedc94da05d46d119]
Juni-29 16:02:36.597 [Task submitter] DEBUG n.executor.local.LocalTaskHandler - Launch cmd line: /bin/bash -ue .command.run
Juni-29 16:02:36.597 [Task submitter] INFO  nextflow.Session - [15/61f9e0] Submitted process > SAMTOOLS_INDEX (9)
Juni-29 16:02:36.600 [Task submitter] DEBUG n.executor.local.LocalTaskHandler - Launch cmd line: /bin/bash -ue .command.run
Juni-29 16:02:36.600 [Task submitter] INFO  nextflow.Session - [1d/4f302f] Submitted process > VARIANTS_IDENTIFICATION (9)
Juni-29 16:02:37.140 [Task monitor] DEBUG n.processor.TaskPollingMonitor - Task completed > TaskHandler[id: 58; name: VARIANTS_IDENTIFICATION (8); status: COMPLETED; exit: 0; error: -; workDir: /Users/ewa/Desktop/Ewa/STUDIA/2025_Bioinformatyka/pd5227_pipline_automatyzacja/projekt/work/e3/51ab37d0f6085090f7316fc00a19fa]
Juni-29 16:02:38.048 [Task monitor] DEBUG n.processor.TaskPollingMonitor - Task completed > TaskHandler[id: 59; name: SAMTOOLS_INDEX (9); status: COMPLETED; exit: 0; error: -; workDir: /Users/ewa/Desktop/Ewa/STUDIA/2025_Bioinformatyka/pd5227_pipline_automatyzacja/projekt/work/15/61f9e05c7bd501aedbfe49717926e8]
Juni-29 16:02:38.381 [Task monitor] DEBUG n.processor.TaskPollingMonitor - Task completed > TaskHandler[id: 60; name: VARIANTS_IDENTIFICATION (9); status: COMPLETED; exit: 0; error: -; workDir: /Users/ewa/Desktop/Ewa/STUDIA/2025_Bioinformatyka/pd5227_pipline_automatyzacja/projekt/work/1d/4f302f2dfad5268633a6a6c46596ca]
Juni-29 16:02:41.572 [Task monitor] DEBUG n.processor.TaskPollingMonitor - Task completed > TaskHandler[id: 32; name: MAPPING (10); status: COMPLETED; exit: 0; error: -; workDir: /Users/ewa/Desktop/Ewa/STUDIA/2025_Bioinformatyka/pd5227_pipline_automatyzacja/projekt/work/eb/801fa6c5fa0edb21b0e0ea787de8f9]
Juni-29 16:02:41.580 [Task submitter] DEBUG n.executor.local.LocalTaskHandler - Launch cmd line: /bin/bash -ue .command.run
Juni-29 16:02:41.580 [Task submitter] INFO  nextflow.Session - [8c/9236e5] Submitted process > SAMTOOLS_SORT (10)
Juni-29 16:02:44.485 [Task monitor] DEBUG n.processor.TaskPollingMonitor - Task completed > TaskHandler[id: 61; name: SAMTOOLS_SORT (10); status: COMPLETED; exit: 0; error: -; workDir: /Users/ewa/Desktop/Ewa/STUDIA/2025_Bioinformatyka/pd5227_pipline_automatyzacja/projekt/work/8c/9236e5af85802b9a44cae9722ea8e4]
Juni-29 16:02:44.492 [Task submitter] DEBUG n.executor.local.LocalTaskHandler - Launch cmd line: /bin/bash -ue .command.run
Juni-29 16:02:44.492 [Task submitter] INFO  nextflow.Session - [cd/a9eb54] Submitted process > SAMTOOLS_INDEX (10)
Juni-29 16:02:44.495 [Task submitter] DEBUG n.executor.local.LocalTaskHandler - Launch cmd line: /bin/bash -ue .command.run
Juni-29 16:02:44.495 [Task submitter] INFO  nextflow.Session - [eb/20c8fb] Submitted process > VARIANTS_IDENTIFICATION (10)
Juni-29 16:02:44.500 [Task submitter] DEBUG n.executor.local.LocalTaskHandler - Launch cmd line: /bin/bash -ue .command.run
Juni-29 16:02:44.500 [Task submitter] INFO  nextflow.Session - [a1/082c5a] Submitted process > CALCULATE_COVERAGE
Juni-29 16:02:45.880 [Task monitor] DEBUG n.processor.TaskPollingMonitor - Task completed > TaskHandler[id: 63; name: SAMTOOLS_INDEX (10); status: COMPLETED; exit: 0; error: -; workDir: /Users/ewa/Desktop/Ewa/STUDIA/2025_Bioinformatyka/pd5227_pipline_automatyzacja/projekt/work/cd/a9eb545c40832513c22fca7a347940]
Juni-29 16:02:46.417 [Task monitor] DEBUG n.processor.TaskPollingMonitor - Task completed > TaskHandler[id: 62; name: VARIANTS_IDENTIFICATION (10); status: COMPLETED; exit: 0; error: -; workDir: /Users/ewa/Desktop/Ewa/STUDIA/2025_Bioinformatyka/pd5227_pipline_automatyzacja/projekt/work/eb/20c8fb468f552794a8b86585ce182f]
Juni-29 16:02:46.429 [Task submitter] DEBUG n.executor.local.LocalTaskHandler - Launch cmd line: /bin/bash -ue .command.run
Juni-29 16:02:46.429 [Task submitter] INFO  nextflow.Session - [65/fcece5] Submitted process > MERGE_VCF
Juni-29 16:02:47.587 [Task monitor] DEBUG n.processor.TaskPollingMonitor - Task completed > TaskHandler[id: 65; name: MERGE_VCF; status: COMPLETED; exit: 0; error: -; workDir: /Users/ewa/Desktop/Ewa/STUDIA/2025_Bioinformatyka/pd5227_pipline_automatyzacja/projekt/work/65/fcece5982c2edcdce8c2625df53e63]
Juni-29 16:03:29.056 [Task monitor] DEBUG n.processor.TaskPollingMonitor - Task completed > TaskHandler[id: 64; name: CALCULATE_COVERAGE; status: COMPLETED; exit: 0; error: -; workDir: /Users/ewa/Desktop/Ewa/STUDIA/2025_Bioinformatyka/pd5227_pipline_automatyzacja/projekt/work/a1/082c5ab05fc6580e2fbb3fe9edc4af]
Juni-29 16:03:29.072 [main] DEBUG nextflow.Session - Session await > all processes finished
Juni-29 16:03:29.167 [Task monitor] DEBUG n.processor.TaskPollingMonitor - <<< barrier arrives (monitor: local) - terminating tasks monitor poll loop
Juni-29 16:03:29.167 [main] DEBUG nextflow.Session - Session await > all barriers passed
Juni-29 16:03:29.189 [main] DEBUG nextflow.util.ThreadPoolManager - Thread pool 'TaskFinalizer' shutdown completed (hard=false)
Juni-29 16:03:29.193 [main] DEBUG nextflow.util.ThreadPoolManager - Thread pool 'PublishDir' shutdown completed (hard=false)
Juni-29 16:03:29.199 [main] DEBUG n.trace.WorkflowStatsObserver - Workflow completed > WorkflowStats[succeededCount=65; failedCount=0; ignoredCount=0; cachedCount=0; pendingCount=0; submittedCount=0; runningCount=0; retriesCount=0; abortedCount=0; succeedDuration=10m 6s; failedDuration=0ms; cachedDuration=0ms;loadCpus=0; loadMemory=0; peakRunning=8; peakCpus=8; peakMemory=0; ]
Juni-29 16:03:29.199 [main] DEBUG nextflow.trace.TraceFileObserver - Workflow completed -- saving trace file
Juni-29 16:03:29.200 [main] DEBUG nextflow.trace.ReportObserver - Workflow completed -- rendering execution report
Juni-29 16:03:30.105 [main] DEBUG nextflow.trace.TimelineObserver - Workflow completed -- rendering execution timeline
Juni-29 16:03:30.395 [main] DEBUG nextflow.cache.CacheDB - Closing CacheDB done
Juni-29 16:03:30.422 [main] DEBUG nextflow.util.ThreadPoolManager - Thread pool 'FileTransfer' shutdown completed (hard=false)
Juni-29 16:03:30.423 [main] DEBUG nextflow.script.ScriptRunner - > Execution complete -- Goodbye
