WARNING: The requested image's platform (linux/amd64) does not match the detected host platform (linux/arm64/v8) and no specific platform was requested
[bwa_index] Pack FASTA... 0.01 sec
[bwa_index] Construct BWT for the packed sequence...
[bwa_index] 0.01 seconds elapse.
[bwa_index] Update BWT... 0.00 sec
[bwa_index] Pack forward-only FASTA... 0.00 sec
[bwa_index] Construct SA from BWT and Occ... 0.00 sec
[main] Version: 0.7.17-r1188
[main] CMD: bwa index ref-SARS-CoV-2_Wuhan-Hu-1.fna
[main] Real time: 0.225 sec; CPU: 0.090 sec
[M::bwa_idx_load_from_disk] read 0 ALT contigs
[M::process] read 68994 sequences (10000185 bp)...
[M::process] read 69090 sequences (10000111 bp)...
[M::mem_pestat] # candidate unique pairs for (FF, FR, RF, RR): (2, 33955, 3, 0)
[M::mem_pestat] skip orientation FF as there are not enough pairs
[M::mem_pestat] analyzing insert size distribution for orientation FR...
[M::mem_pestat] (25, 50, 75) percentile: (54, 88, 139)
[M::mem_pestat] low and high boundaries for computing mean and std.dev: (1, 309)
[M::mem_pestat] mean and std.dev: (105.74, 64.57)
[M::mem_pestat] low and high boundaries for proper pairs: (1, 394)
[M::mem_pestat] skip orientation RF as there are not enough pairs
[M::mem_pestat] skip orientation RR as there are not enough pairs
[M::mem_process_seqs] Processed 68994 reads in 4.881 CPU sec, 8.326 real sec
[M::process] read 69124 sequences (10000115 bp)...
[M::mem_pestat] # candidate unique pairs for (FF, FR, RF, RR): (3, 34056, 2, 0)
[M::mem_pestat] skip orientation FF as there are not enough pairs
[M::mem_pestat] analyzing insert size distribution for orientation FR...
[M::mem_pestat] (25, 50, 75) percentile: (55, 88, 143)
[M::mem_pestat] low and high boundaries for computing mean and std.dev: (1, 319)
[M::mem_pestat] mean and std.dev: (107.42, 65.75)
[M::mem_pestat] low and high boundaries for proper pairs: (1, 407)
[M::mem_pestat] skip orientation RF as there are not enough pairs
[M::mem_pestat] skip orientation RR as there are not enough pairs
[M::mem_process_seqs] Processed 69090 reads in 4.885 CPU sec, 7.713 real sec
[M::process] read 69416 sequences (10000037 bp)...
[M::mem_pestat] # candidate unique pairs for (FF, FR, RF, RR): (4, 34052, 4, 3)
[M::mem_pestat] skip orientation FF as there are not enough pairs
[M::mem_pestat] analyzing insert size distribution for orientation FR...
[M::mem_pestat] (25, 50, 75) percentile: (54, 88, 139)
[M::mem_pestat] low and high boundaries for computing mean and std.dev: (1, 309)
[M::mem_pestat] mean and std.dev: (105.99, 64.56)
[M::mem_pestat] low and high boundaries for proper pairs: (1, 394)
[M::mem_pestat] skip orientation RF as there are not enough pairs
[M::mem_pestat] skip orientation RR as there are not enough pairs
[M::mem_process_seqs] Processed 69124 reads in 4.218 CPU sec, 6.696 real sec
[M::process] read 1776 sequences (255288 bp)...
[M::mem_pestat] # candidate unique pairs for (FF, FR, RF, RR): (3, 34166, 4, 4)
[M::mem_pestat] skip orientation FF as there are not enough pairs
[M::mem_pestat] analyzing insert size distribution for orientation FR...
[M::mem_pestat] (25, 50, 75) percentile: (55, 90, 142)
[M::mem_pestat] low and high boundaries for computing mean and std.dev: (1, 316)
[M::mem_pestat] mean and std.dev: (107.34, 65.20)
[M::mem_pestat] low and high boundaries for proper pairs: (1, 403)
[M::mem_pestat] skip orientation RF as there are not enough pairs
[M::mem_pestat] skip orientation RR as there are not enough pairs
[M::mem_process_seqs] Processed 69416 reads in 4.280 CPU sec, 6.751 real sec
[M::mem_pestat] # candidate unique pairs for (FF, FR, RF, RR): (0, 879, 0, 0)
[M::mem_pestat] skip orientation FF as there are not enough pairs
[M::mem_pestat] analyzing insert size distribution for orientation FR...
[M::mem_pestat] (25, 50, 75) percentile: (57, 92, 146)
[M::mem_pestat] low and high boundaries for computing mean and std.dev: (1, 324)
[M::mem_pestat] mean and std.dev: (109.11, 64.79)
[M::mem_pestat] low and high boundaries for proper pairs: (1, 413)
[M::mem_pestat] skip orientation RF as there are not enough pairs
[M::mem_pestat] skip orientation RR as there are not enough pairs
[M::mem_process_seqs] Processed 1776 reads in 0.153 CPU sec, 0.187 real sec
[main] Version: 0.7.17-r1188
[main] CMD: bwa mem ref-SARS-CoV-2_Wuhan-Hu-1.fna SRR23609083_trimmed_R1.fastq.gz SRR23609083_trimmed_R2.fastq.gz
[main] Real time: 32.473 sec; CPU: 18.719 sec
