WARNING: The requested image's platform (linux/amd64) does not match the detected host platform (linux/arm64/v8) and no specific platform was requested
[bwa_index] Pack FASTA... 0.00 sec
[bwa_index] Construct BWT for the packed sequence...
[bwa_index] 0.01 seconds elapse.
[bwa_index] Update BWT... 0.00 sec
[bwa_index] Pack forward-only FASTA... 0.00 sec
[bwa_index] Construct SA from BWT and Occ... 0.00 sec
[main] Version: 0.7.17-r1188
[main] CMD: bwa index ref-SARS-CoV-2_Wuhan-Hu-1.fna
[main] Real time: 0.099 sec; CPU: 0.037 sec
[M::bwa_idx_load_from_disk] read 0 ALT contigs
[M::process] read 68574 sequences (10000168 bp)...
[M::process] read 68526 sequences (10000048 bp)...
[M::mem_pestat] # candidate unique pairs for (FF, FR, RF, RR): (1, 33486, 1, 0)
[M::mem_pestat] skip orientation FF as there are not enough pairs
[M::mem_pestat] analyzing insert size distribution for orientation FR...
[M::mem_pestat] (25, 50, 75) percentile: (72, 111, 167)
[M::mem_pestat] low and high boundaries for computing mean and std.dev: (1, 357)
[M::mem_pestat] mean and std.dev: (124.38, 63.49)
[M::mem_pestat] low and high boundaries for proper pairs: (1, 452)
[M::mem_pestat] skip orientation RF as there are not enough pairs
[M::mem_pestat] skip orientation RR as there are not enough pairs
[M::mem_process_seqs] Processed 68574 reads in 3.642 CPU sec, 4.945 real sec
[M::process] read 68720 sequences (10000230 bp)...
[M::mem_pestat] # candidate unique pairs for (FF, FR, RF, RR): (9, 33433, 0, 2)
[M::mem_pestat] skip orientation FF as there are not enough pairs
[M::mem_pestat] analyzing insert size distribution for orientation FR...
[M::mem_pestat] (25, 50, 75) percentile: (73, 111, 168)
[M::mem_pestat] low and high boundaries for computing mean and std.dev: (1, 358)
[M::mem_pestat] mean and std.dev: (124.60, 63.36)
[M::mem_pestat] low and high boundaries for proper pairs: (1, 453)
[M::mem_pestat] skip orientation RF as there are not enough pairs
[M::mem_pestat] skip orientation RR as there are not enough pairs
[M::mem_process_seqs] Processed 68526 reads in 3.605 CPU sec, 4.829 real sec
[M::process] read 68650 sequences (10000168 bp)...
[M::mem_pestat] # candidate unique pairs for (FF, FR, RF, RR): (2, 33568, 0, 2)
[M::mem_pestat] skip orientation FF as there are not enough pairs
[M::mem_pestat] analyzing insert size distribution for orientation FR...
[M::mem_pestat] (25, 50, 75) percentile: (72, 111, 168)
[M::mem_pestat] low and high boundaries for computing mean and std.dev: (1, 360)
[M::mem_pestat] mean and std.dev: (124.73, 63.65)
[M::mem_pestat] low and high boundaries for proper pairs: (1, 456)
[M::mem_pestat] skip orientation RF as there are not enough pairs
[M::mem_pestat] skip orientation RR as there are not enough pairs
[M::mem_process_seqs] Processed 68720 reads in 4.107 CPU sec, 6.206 real sec
[M::process] read 68876 sequences (10000128 bp)...
[M::mem_pestat] # candidate unique pairs for (FF, FR, RF, RR): (1, 33540, 0, 2)
[M::mem_pestat] skip orientation FF as there are not enough pairs
[M::mem_pestat] analyzing insert size distribution for orientation FR...
[M::mem_pestat] (25, 50, 75) percentile: (72, 111, 168)
[M::mem_pestat] low and high boundaries for computing mean and std.dev: (1, 360)
[M::mem_pestat] mean and std.dev: (124.45, 63.39)
[M::mem_pestat] low and high boundaries for proper pairs: (1, 456)
[M::mem_pestat] skip orientation RF as there are not enough pairs
[M::mem_pestat] skip orientation RR as there are not enough pairs
[M::mem_process_seqs] Processed 68650 reads in 3.995 CPU sec, 6.343 real sec
[M::process] read 18724 sequences (2713369 bp)...
[M::mem_pestat] # candidate unique pairs for (FF, FR, RF, RR): (2, 33663, 0, 3)
[M::mem_pestat] skip orientation FF as there are not enough pairs
[M::mem_pestat] analyzing insert size distribution for orientation FR...
[M::mem_pestat] (25, 50, 75) percentile: (74, 112, 168)
[M::mem_pestat] low and high boundaries for computing mean and std.dev: (1, 356)
[M::mem_pestat] mean and std.dev: (124.98, 62.82)
[M::mem_pestat] low and high boundaries for proper pairs: (1, 450)
[M::mem_pestat] skip orientation RF as there are not enough pairs
[M::mem_pestat] skip orientation RR as there are not enough pairs
[M::mem_process_seqs] Processed 68876 reads in 4.028 CPU sec, 6.449 real sec
[M::mem_pestat] # candidate unique pairs for (FF, FR, RF, RR): (0, 9169, 0, 1)
[M::mem_pestat] skip orientation FF as there are not enough pairs
[M::mem_pestat] analyzing insert size distribution for orientation FR...
[M::mem_pestat] (25, 50, 75) percentile: (74, 113, 169)
[M::mem_pestat] low and high boundaries for computing mean and std.dev: (1, 359)
[M::mem_pestat] mean and std.dev: (126.02, 63.40)
[M::mem_pestat] low and high boundaries for proper pairs: (1, 454)
[M::mem_pestat] skip orientation RF as there are not enough pairs
[M::mem_pestat] skip orientation RR as there are not enough pairs
[M::mem_process_seqs] Processed 18724 reads in 1.029 CPU sec, 2.355 real sec
[main] Version: 0.7.17-r1188
[main] CMD: bwa mem ref-SARS-CoV-2_Wuhan-Hu-1.fna SRR23609084_trimmed_R1.fastq.gz SRR23609084_trimmed_R2.fastq.gz
[main] Real time: 32.599 sec; CPU: 20.621 sec
