WARNING: The requested image's platform (linux/amd64) does not match the detected host platform (linux/arm64/v8) and no specific platform was requested
[bwa_index] Pack FASTA... 0.01 sec
[bwa_index] Construct BWT for the packed sequence...
[bwa_index] 0.01 seconds elapse.
[bwa_index] Update BWT... 0.00 sec
[bwa_index] Pack forward-only FASTA... 0.00 sec
[bwa_index] Construct SA from BWT and Occ... 0.00 sec
[main] Version: 0.7.17-r1188
[main] CMD: bwa index ref-SARS-CoV-2_Wuhan-Hu-1.fna
[main] Real time: 0.102 sec; CPU: 0.035 sec
[M::bwa_idx_load_from_disk] read 0 ALT contigs
[M::process] read 66676 sequences (10000251 bp)...
[M::process] read 66674 sequences (10000225 bp)...
[M::mem_pestat] # candidate unique pairs for (FF, FR, RF, RR): (5, 33267, 0, 0)
[M::mem_pestat] skip orientation FF as there are not enough pairs
[M::mem_pestat] analyzing insert size distribution for orientation FR...
[M::mem_pestat] (25, 50, 75) percentile: (300, 300, 300)
[M::mem_pestat] low and high boundaries for computing mean and std.dev: (300, 300)
[M::mem_pestat] mean and std.dev: (300.00, 0.00)
[M::mem_pestat] low and high boundaries for proper pairs: (300, 300)
[M::mem_pestat] skip orientation RF as there are not enough pairs
[M::mem_pestat] skip orientation RR as there are not enough pairs
[M::mem_process_seqs] Processed 66676 reads in 7.121 CPU sec, 9.163 real sec
[M::process] read 18430 sequences (2764500 bp)...
[M::mem_pestat] # candidate unique pairs for (FF, FR, RF, RR): (7, 33263, 0, 1)
[M::mem_pestat] skip orientation FF as there are not enough pairs
[M::mem_pestat] analyzing insert size distribution for orientation FR...
[M::mem_pestat] (25, 50, 75) percentile: (300, 300, 300)
[M::mem_pestat] low and high boundaries for computing mean and std.dev: (300, 300)
[M::mem_pestat] mean and std.dev: (300.00, 0.00)
[M::mem_pestat] low and high boundaries for proper pairs: (300, 300)
[M::mem_pestat] skip orientation RF as there are not enough pairs
[M::mem_pestat] skip orientation RR as there are not enough pairs
[M::mem_process_seqs] Processed 66674 reads in 7.958 CPU sec, 12.258 real sec
[M::mem_pestat] # candidate unique pairs for (FF, FR, RF, RR): (1, 9195, 0, 0)
[M::mem_pestat] skip orientation FF as there are not enough pairs
[M::mem_pestat] analyzing insert size distribution for orientation FR...
[M::mem_pestat] (25, 50, 75) percentile: (300, 300, 300)
[M::mem_pestat] low and high boundaries for computing mean and std.dev: (300, 300)
[M::mem_pestat] mean and std.dev: (300.00, 0.00)
[M::mem_pestat] low and high boundaries for proper pairs: (300, 300)
[M::mem_pestat] skip orientation RF as there are not enough pairs
[M::mem_pestat] skip orientation RR as there are not enough pairs
[M::mem_process_seqs] Processed 18430 reads in 2.302 CPU sec, 4.102 real sec
[main] Version: 0.7.17-r1188
[main] CMD: bwa mem ref-SARS-CoV-2_Wuhan-Hu-1.fna SRR23609079_trimmed_R1.fastq.gz SRR23609079_trimmed_R2.fastq.gz
[main] Real time: 26.700 sec; CPU: 17.683 sec
