WARNING: The requested image's platform (linux/amd64) does not match the detected host platform (linux/arm64/v8) and no specific platform was requested
[bwa_index] Pack FASTA... 0.01 sec
[bwa_index] Construct BWT for the packed sequence...
[bwa_index] 0.01 seconds elapse.
[bwa_index] Update BWT... 0.00 sec
[bwa_index] Pack forward-only FASTA... 0.00 sec
[bwa_index] Construct SA from BWT and Occ... 0.00 sec
[main] Version: 0.7.17-r1188
[main] CMD: bwa index ref-SARS-CoV-2_Wuhan-Hu-1.fna
[main] Real time: 0.150 sec; CPU: 0.046 sec
[M::bwa_idx_load_from_disk] read 0 ALT contigs
[M::process] read 66674 sequences (10000262 bp)...
[M::process] read 66674 sequences (10000036 bp)...
[M::mem_pestat] # candidate unique pairs for (FF, FR, RF, RR): (1, 32676, 14, 0)
[M::mem_pestat] skip orientation FF as there are not enough pairs
[M::mem_pestat] analyzing insert size distribution for orientation FR...
[M::mem_pestat] (25, 50, 75) percentile: (51, 83, 133)
[M::mem_pestat] low and high boundaries for computing mean and std.dev: (1, 297)
[M::mem_pestat] mean and std.dev: (100.77, 61.51)
[M::mem_pestat] low and high boundaries for proper pairs: (1, 379)
[M::mem_pestat] analyzing insert size distribution for orientation RF...
[M::mem_pestat] (25, 50, 75) percentile: (42, 42, 46)
[M::mem_pestat] low and high boundaries for computing mean and std.dev: (34, 54)
[M::mem_pestat] mean and std.dev: (42.55, 1.23)
[M::mem_pestat] low and high boundaries for proper pairs: (30, 58)
[M::mem_pestat] skip orientation RR as there are not enough pairs
[M::mem_pestat] skip orientation RF
[M::mem_process_seqs] Processed 66674 reads in 4.552 CPU sec, 6.479 real sec
[M::process] read 66396 sequences (9959016 bp)...
[M::mem_pestat] # candidate unique pairs for (FF, FR, RF, RR): (1, 32645, 11, 0)
[M::mem_pestat] skip orientation FF as there are not enough pairs
[M::mem_pestat] analyzing insert size distribution for orientation FR...
[M::mem_pestat] (25, 50, 75) percentile: (52, 85, 134)
[M::mem_pestat] low and high boundaries for computing mean and std.dev: (1, 298)
[M::mem_pestat] mean and std.dev: (101.85, 61.73)
[M::mem_pestat] low and high boundaries for proper pairs: (1, 380)
[M::mem_pestat] analyzing insert size distribution for orientation RF...
[M::mem_pestat] (25, 50, 75) percentile: (42, 43, 46)
[M::mem_pestat] low and high boundaries for computing mean and std.dev: (34, 54)
[M::mem_pestat] mean and std.dev: (44.09, 2.47)
[M::mem_pestat] low and high boundaries for proper pairs: (30, 58)
[M::mem_pestat] skip orientation RR as there are not enough pairs
[M::mem_pestat] skip orientation RF
[M::mem_process_seqs] Processed 66674 reads in 4.788 CPU sec, 9.139 real sec
[M::mem_pestat] # candidate unique pairs for (FF, FR, RF, RR): (0, 32512, 10, 0)
[M::mem_pestat] skip orientation FF as there are not enough pairs
[M::mem_pestat] analyzing insert size distribution for orientation FR...
[M::mem_pestat] (25, 50, 75) percentile: (53, 85, 133)
[M::mem_pestat] low and high boundaries for computing mean and std.dev: (1, 293)
[M::mem_pestat] mean and std.dev: (101.35, 60.45)
[M::mem_pestat] low and high boundaries for proper pairs: (1, 373)
[M::mem_pestat] analyzing insert size distribution for orientation RF...
[M::mem_pestat] (25, 50, 75) percentile: (42, 42, 59)
[M::mem_pestat] low and high boundaries for computing mean and std.dev: (8, 93)
[M::mem_pestat] mean and std.dev: (50.00, 16.09)
[M::mem_pestat] low and high boundaries for proper pairs: (1, 114)
[M::mem_pestat] skip orientation RR as there are not enough pairs
[M::mem_pestat] skip orientation RF
[M::mem_process_seqs] Processed 66396 reads in 5.473 CPU sec, 9.672 real sec
[main] Version: 0.7.17-r1188
[main] CMD: bwa mem ref-SARS-CoV-2_Wuhan-Hu-1.fna SRR23609081_trimmed_R1.fastq.gz SRR23609081_trimmed_R2.fastq.gz
[main] Real time: 27.048 sec; CPU: 15.053 sec
