WARNING: The requested image's platform (linux/amd64) does not match the detected host platform (linux/arm64/v8) and no specific platform was requested
[bwa_index] Pack FASTA... 0.01 sec
[bwa_index] Construct BWT for the packed sequence...
[bwa_index] 0.01 seconds elapse.
[bwa_index] Update BWT... 0.00 sec
[bwa_index] Pack forward-only FASTA... 0.01 sec
[bwa_index] Construct SA from BWT and Occ... 0.00 sec
[main] Version: 0.7.17-r1188
[main] CMD: bwa index ref-SARS-CoV-2_Wuhan-Hu-1.fna
[main] Real time: 0.186 sec; CPU: 0.041 sec
[M::bwa_idx_load_from_disk] read 0 ALT contigs
[M::process] read 67392 sequences (10000169 bp)...
[M::process] read 67364 sequences (10000075 bp)...
[M::mem_pestat] # candidate unique pairs for (FF, FR, RF, RR): (0, 33624, 0, 0)
[M::mem_pestat] skip orientation FF as there are not enough pairs
[M::mem_pestat] analyzing insert size distribution for orientation FR...
[M::mem_pestat] (25, 50, 75) percentile: (300, 300, 300)
[M::mem_pestat] low and high boundaries for computing mean and std.dev: (300, 300)
[M::mem_pestat] mean and std.dev: (300.00, 0.00)
[M::mem_pestat] low and high boundaries for proper pairs: (300, 300)
[M::mem_pestat] skip orientation RF as there are not enough pairs
[M::mem_pestat] skip orientation RR as there are not enough pairs
[M::mem_process_seqs] Processed 67392 reads in 6.085 CPU sec, 8.738 real sec
[M::process] read 67380 sequences (10000281 bp)...
[M::mem_pestat] # candidate unique pairs for (FF, FR, RF, RR): (0, 33607, 1, 0)
[M::mem_pestat] skip orientation FF as there are not enough pairs
[M::mem_pestat] analyzing insert size distribution for orientation FR...
[M::mem_pestat] (25, 50, 75) percentile: (300, 300, 300)
[M::mem_pestat] low and high boundaries for computing mean and std.dev: (300, 300)
[M::mem_pestat] mean and std.dev: (300.00, 0.00)
[M::mem_pestat] low and high boundaries for proper pairs: (300, 300)
[M::mem_pestat] skip orientation RF as there are not enough pairs
[M::mem_pestat] skip orientation RR as there are not enough pairs
[M::mem_process_seqs] Processed 67364 reads in 6.754 CPU sec, 9.910 real sec
[M::process] read 63364 sequences (9397772 bp)...
[M::mem_pestat] # candidate unique pairs for (FF, FR, RF, RR): (0, 33635, 0, 0)
[M::mem_pestat] skip orientation FF as there are not enough pairs
[M::mem_pestat] analyzing insert size distribution for orientation FR...
[M::mem_pestat] (25, 50, 75) percentile: (300, 300, 300)
[M::mem_pestat] low and high boundaries for computing mean and std.dev: (300, 300)
[M::mem_pestat] mean and std.dev: (300.00, 0.00)
[M::mem_pestat] low and high boundaries for proper pairs: (300, 300)
[M::mem_pestat] skip orientation RF as there are not enough pairs
[M::mem_pestat] skip orientation RR as there are not enough pairs
[M::mem_process_seqs] Processed 67380 reads in 6.564 CPU sec, 10.156 real sec
[M::mem_pestat] # candidate unique pairs for (FF, FR, RF, RR): (0, 31602, 2, 0)
[M::mem_pestat] skip orientation FF as there are not enough pairs
[M::mem_pestat] analyzing insert size distribution for orientation FR...
[M::mem_pestat] (25, 50, 75) percentile: (300, 300, 300)
[M::mem_pestat] low and high boundaries for computing mean and std.dev: (300, 300)
[M::mem_pestat] mean and std.dev: (300.00, 0.00)
[M::mem_pestat] low and high boundaries for proper pairs: (300, 300)
[M::mem_pestat] skip orientation RF as there are not enough pairs
[M::mem_pestat] skip orientation RR as there are not enough pairs
[M::mem_process_seqs] Processed 63364 reads in 6.159 CPU sec, 10.219 real sec
[main] Version: 0.7.17-r1188
[main] CMD: bwa mem ref-SARS-CoV-2_Wuhan-Hu-1.fna SRR23609078_trimmed_R1.fastq.gz SRR23609078_trimmed_R2.fastq.gz
[main] Real time: 40.744 sec; CPU: 25.827 sec
